ARM GAS  /tmp/ccyd93Q6.s 			page 1


   1              		.cpu cortex-m7
   2              		.arch armv7e-m
   3              		.fpu fpv5-d16
   4              		.eabi_attribute 28, 1
   5              		.eabi_attribute 20, 1
   6              		.eabi_attribute 21, 1
   7              		.eabi_attribute 23, 3
   8              		.eabi_attribute 24, 1
   9              		.eabi_attribute 25, 1
  10              		.eabi_attribute 26, 1
  11              		.eabi_attribute 30, 1
  12              		.eabi_attribute 34, 1
  13              		.eabi_attribute 18, 4
  14              		.file	"def.c"
  15              		.text
  16              	.Ltext0:
  17              		.cfi_sections	.debug_frame
  18              		.section	.text.lwip_htons,"ax",%progbits
  19              		.align	1
  20              		.global	lwip_htons
  21              		.syntax unified
  22              		.thumb
  23              		.thumb_func
  25              	lwip_htons:
  26              	.LVL0:
  27              	.LFB167:
  28              		.file 1 "Middlewares/Third_Party/LwIP/src/core/def.c"
   1:Middlewares/Third_Party/LwIP/src/core/def.c **** /**
   2:Middlewares/Third_Party/LwIP/src/core/def.c ****  * @file
   3:Middlewares/Third_Party/LwIP/src/core/def.c ****  * Common functions used throughout the stack.
   4:Middlewares/Third_Party/LwIP/src/core/def.c ****  *
   5:Middlewares/Third_Party/LwIP/src/core/def.c ****  * These are reference implementations of the byte swapping functions.
   6:Middlewares/Third_Party/LwIP/src/core/def.c ****  * Again with the aim of being simple, correct and fully portable.
   7:Middlewares/Third_Party/LwIP/src/core/def.c ****  * Byte swapping is the second thing you would want to optimize. You will
   8:Middlewares/Third_Party/LwIP/src/core/def.c ****  * need to port it to your architecture and in your cc.h:
   9:Middlewares/Third_Party/LwIP/src/core/def.c ****  *
  10:Middlewares/Third_Party/LwIP/src/core/def.c ****  * \#define lwip_htons(x) your_htons
  11:Middlewares/Third_Party/LwIP/src/core/def.c ****  * \#define lwip_htonl(x) your_htonl
  12:Middlewares/Third_Party/LwIP/src/core/def.c ****  *
  13:Middlewares/Third_Party/LwIP/src/core/def.c ****  * Note lwip_ntohs() and lwip_ntohl() are merely references to the htonx counterparts.
  14:Middlewares/Third_Party/LwIP/src/core/def.c ****  *
  15:Middlewares/Third_Party/LwIP/src/core/def.c ****  * If you \#define them to htons() and htonl(), you should
  16:Middlewares/Third_Party/LwIP/src/core/def.c ****  * \#define LWIP_DONT_PROVIDE_BYTEORDER_FUNCTIONS to prevent lwIP from
  17:Middlewares/Third_Party/LwIP/src/core/def.c ****  * defining htonx/ntohx compatibility macros.
  18:Middlewares/Third_Party/LwIP/src/core/def.c **** 
  19:Middlewares/Third_Party/LwIP/src/core/def.c ****  * @defgroup sys_nonstandard Non-standard functions
  20:Middlewares/Third_Party/LwIP/src/core/def.c ****  * @ingroup sys_layer
  21:Middlewares/Third_Party/LwIP/src/core/def.c ****  * lwIP provides default implementations for non-standard functions.
  22:Middlewares/Third_Party/LwIP/src/core/def.c ****  * These can be mapped to OS functions to reduce code footprint if desired.
  23:Middlewares/Third_Party/LwIP/src/core/def.c ****  * All defines related to this section must not be placed in lwipopts.h,
  24:Middlewares/Third_Party/LwIP/src/core/def.c ****  * but in arch/cc.h!
  25:Middlewares/Third_Party/LwIP/src/core/def.c ****  * These options cannot be \#defined in lwipopts.h since they are not options
  26:Middlewares/Third_Party/LwIP/src/core/def.c ****  * of lwIP itself, but options of the lwIP port to your system.
  27:Middlewares/Third_Party/LwIP/src/core/def.c ****  */
  28:Middlewares/Third_Party/LwIP/src/core/def.c **** 
  29:Middlewares/Third_Party/LwIP/src/core/def.c **** /*
  30:Middlewares/Third_Party/LwIP/src/core/def.c ****  * Copyright (c) 2001-2004 Swedish Institute of Computer Science.
ARM GAS  /tmp/ccyd93Q6.s 			page 2


  31:Middlewares/Third_Party/LwIP/src/core/def.c ****  * All rights reserved.
  32:Middlewares/Third_Party/LwIP/src/core/def.c ****  *
  33:Middlewares/Third_Party/LwIP/src/core/def.c ****  * Redistribution and use in source and binary forms, with or without modification,
  34:Middlewares/Third_Party/LwIP/src/core/def.c ****  * are permitted provided that the following conditions are met:
  35:Middlewares/Third_Party/LwIP/src/core/def.c ****  *
  36:Middlewares/Third_Party/LwIP/src/core/def.c ****  * 1. Redistributions of source code must retain the above copyright notice,
  37:Middlewares/Third_Party/LwIP/src/core/def.c ****  *    this list of conditions and the following disclaimer.
  38:Middlewares/Third_Party/LwIP/src/core/def.c ****  * 2. Redistributions in binary form must reproduce the above copyright notice,
  39:Middlewares/Third_Party/LwIP/src/core/def.c ****  *    this list of conditions and the following disclaimer in the documentation
  40:Middlewares/Third_Party/LwIP/src/core/def.c ****  *    and/or other materials provided with the distribution.
  41:Middlewares/Third_Party/LwIP/src/core/def.c ****  * 3. The name of the author may not be used to endorse or promote products
  42:Middlewares/Third_Party/LwIP/src/core/def.c ****  *    derived from this software without specific prior written permission.
  43:Middlewares/Third_Party/LwIP/src/core/def.c ****  *
  44:Middlewares/Third_Party/LwIP/src/core/def.c ****  * THIS SOFTWARE IS PROVIDED BY THE AUTHOR ``AS IS'' AND ANY EXPRESS OR IMPLIED
  45:Middlewares/Third_Party/LwIP/src/core/def.c ****  * WARRANTIES, INCLUDING, BUT NOT LIMITED TO, THE IMPLIED WARRANTIES OF
  46:Middlewares/Third_Party/LwIP/src/core/def.c ****  * MERCHANTABILITY AND FITNESS FOR A PARTICULAR PURPOSE ARE DISCLAIMED. IN NO EVENT
  47:Middlewares/Third_Party/LwIP/src/core/def.c ****  * SHALL THE AUTHOR BE LIABLE FOR ANY DIRECT, INDIRECT, INCIDENTAL, SPECIAL,
  48:Middlewares/Third_Party/LwIP/src/core/def.c ****  * EXEMPLARY, OR CONSEQUENTIAL DAMAGES (INCLUDING, BUT NOT LIMITED TO, PROCUREMENT
  49:Middlewares/Third_Party/LwIP/src/core/def.c ****  * OF SUBSTITUTE GOODS OR SERVICES; LOSS OF USE, DATA, OR PROFITS; OR BUSINESS
  50:Middlewares/Third_Party/LwIP/src/core/def.c ****  * INTERRUPTION) HOWEVER CAUSED AND ON ANY THEORY OF LIABILITY, WHETHER IN
  51:Middlewares/Third_Party/LwIP/src/core/def.c ****  * CONTRACT, STRICT LIABILITY, OR TORT (INCLUDING NEGLIGENCE OR OTHERWISE) ARISING
  52:Middlewares/Third_Party/LwIP/src/core/def.c ****  * IN ANY WAY OUT OF THE USE OF THIS SOFTWARE, EVEN IF ADVISED OF THE POSSIBILITY
  53:Middlewares/Third_Party/LwIP/src/core/def.c ****  * OF SUCH DAMAGE.
  54:Middlewares/Third_Party/LwIP/src/core/def.c ****  *
  55:Middlewares/Third_Party/LwIP/src/core/def.c ****  * This file is part of the lwIP TCP/IP stack.
  56:Middlewares/Third_Party/LwIP/src/core/def.c ****  *
  57:Middlewares/Third_Party/LwIP/src/core/def.c ****  * Author: Simon Goldschmidt
  58:Middlewares/Third_Party/LwIP/src/core/def.c ****  *
  59:Middlewares/Third_Party/LwIP/src/core/def.c ****  */
  60:Middlewares/Third_Party/LwIP/src/core/def.c **** 
  61:Middlewares/Third_Party/LwIP/src/core/def.c **** #include "lwip/opt.h"
  62:Middlewares/Third_Party/LwIP/src/core/def.c **** #include "lwip/def.h"
  63:Middlewares/Third_Party/LwIP/src/core/def.c **** 
  64:Middlewares/Third_Party/LwIP/src/core/def.c **** #include <string.h>
  65:Middlewares/Third_Party/LwIP/src/core/def.c **** 
  66:Middlewares/Third_Party/LwIP/src/core/def.c **** #if BYTE_ORDER == LITTLE_ENDIAN
  67:Middlewares/Third_Party/LwIP/src/core/def.c **** 
  68:Middlewares/Third_Party/LwIP/src/core/def.c **** #if !defined(lwip_htons)
  69:Middlewares/Third_Party/LwIP/src/core/def.c **** /**
  70:Middlewares/Third_Party/LwIP/src/core/def.c ****  * Convert an u16_t from host- to network byte order.
  71:Middlewares/Third_Party/LwIP/src/core/def.c ****  *
  72:Middlewares/Third_Party/LwIP/src/core/def.c ****  * @param n u16_t in host byte order
  73:Middlewares/Third_Party/LwIP/src/core/def.c ****  * @return n in network byte order
  74:Middlewares/Third_Party/LwIP/src/core/def.c ****  */
  75:Middlewares/Third_Party/LwIP/src/core/def.c **** u16_t
  76:Middlewares/Third_Party/LwIP/src/core/def.c **** lwip_htons(u16_t n)
  77:Middlewares/Third_Party/LwIP/src/core/def.c **** {
  29              		.loc 1 77 1 view -0
  30              		.cfi_startproc
  31              		@ args = 0, pretend = 0, frame = 0
  32              		@ frame_needed = 0, uses_anonymous_args = 0
  33              		@ link register save eliminated.
  78:Middlewares/Third_Party/LwIP/src/core/def.c ****   return PP_HTONS(n);
  34              		.loc 1 78 3 view .LVU1
  35              		.loc 1 78 10 is_stmt 0 view .LVU2
  36 0000 030A     		lsrs	r3, r0, #8
  37 0002 43EA0020 		orr	r0, r3, r0, lsl #8
ARM GAS  /tmp/ccyd93Q6.s 			page 3


  38              	.LVL1:
  79:Middlewares/Third_Party/LwIP/src/core/def.c **** }
  39              		.loc 1 79 1 view .LVU3
  40 0006 80B2     		uxth	r0, r0
  41 0008 7047     		bx	lr
  42              		.cfi_endproc
  43              	.LFE167:
  45              		.section	.text.lwip_htonl,"ax",%progbits
  46              		.align	1
  47              		.global	lwip_htonl
  48              		.syntax unified
  49              		.thumb
  50              		.thumb_func
  52              	lwip_htonl:
  53              	.LVL2:
  54              	.LFB168:
  80:Middlewares/Third_Party/LwIP/src/core/def.c **** #endif /* lwip_htons */
  81:Middlewares/Third_Party/LwIP/src/core/def.c **** 
  82:Middlewares/Third_Party/LwIP/src/core/def.c **** #if !defined(lwip_htonl)
  83:Middlewares/Third_Party/LwIP/src/core/def.c **** /**
  84:Middlewares/Third_Party/LwIP/src/core/def.c ****  * Convert an u32_t from host- to network byte order.
  85:Middlewares/Third_Party/LwIP/src/core/def.c ****  *
  86:Middlewares/Third_Party/LwIP/src/core/def.c ****  * @param n u32_t in host byte order
  87:Middlewares/Third_Party/LwIP/src/core/def.c ****  * @return n in network byte order
  88:Middlewares/Third_Party/LwIP/src/core/def.c ****  */
  89:Middlewares/Third_Party/LwIP/src/core/def.c **** u32_t
  90:Middlewares/Third_Party/LwIP/src/core/def.c **** lwip_htonl(u32_t n)
  91:Middlewares/Third_Party/LwIP/src/core/def.c **** {
  55              		.loc 1 91 1 is_stmt 1 view -0
  56              		.cfi_startproc
  57              		@ args = 0, pretend = 0, frame = 0
  58              		@ frame_needed = 0, uses_anonymous_args = 0
  59              		@ link register save eliminated.
  92:Middlewares/Third_Party/LwIP/src/core/def.c ****   return PP_HTONL(n);
  60              		.loc 1 92 3 view .LVU5
  61              		.loc 1 92 10 is_stmt 0 view .LVU6
  62 0000 0302     		lsls	r3, r0, #8
  63 0002 03F47F03 		and	r3, r3, #16711680
  64 0006 43EA0063 		orr	r3, r3, r0, lsl #24
  65 000a 020A     		lsrs	r2, r0, #8
  66 000c 02F47F42 		and	r2, r2, #65280
  67 0010 1343     		orrs	r3, r3, r2
  93:Middlewares/Third_Party/LwIP/src/core/def.c **** }
  68              		.loc 1 93 1 view .LVU7
  69 0012 43EA1060 		orr	r0, r3, r0, lsr #24
  70              	.LVL3:
  71              		.loc 1 93 1 view .LVU8
  72 0016 7047     		bx	lr
  73              		.cfi_endproc
  74              	.LFE168:
  76              		.section	.text.lwip_strnstr,"ax",%progbits
  77              		.align	1
  78              		.global	lwip_strnstr
  79              		.syntax unified
  80              		.thumb
  81              		.thumb_func
  83              	lwip_strnstr:
ARM GAS  /tmp/ccyd93Q6.s 			page 4


  84              	.LVL4:
  85              	.LFB169:
  94:Middlewares/Third_Party/LwIP/src/core/def.c **** #endif /* lwip_htonl */
  95:Middlewares/Third_Party/LwIP/src/core/def.c **** 
  96:Middlewares/Third_Party/LwIP/src/core/def.c **** #endif /* BYTE_ORDER == LITTLE_ENDIAN */
  97:Middlewares/Third_Party/LwIP/src/core/def.c **** 
  98:Middlewares/Third_Party/LwIP/src/core/def.c **** #ifndef lwip_strnstr
  99:Middlewares/Third_Party/LwIP/src/core/def.c **** /**
 100:Middlewares/Third_Party/LwIP/src/core/def.c ****  * @ingroup sys_nonstandard
 101:Middlewares/Third_Party/LwIP/src/core/def.c ****  * lwIP default implementation for strnstr() non-standard function.
 102:Middlewares/Third_Party/LwIP/src/core/def.c ****  * This can be \#defined to strnstr() depending on your platform port.
 103:Middlewares/Third_Party/LwIP/src/core/def.c ****  */
 104:Middlewares/Third_Party/LwIP/src/core/def.c **** char *
 105:Middlewares/Third_Party/LwIP/src/core/def.c **** lwip_strnstr(const char *buffer, const char *token, size_t n)
 106:Middlewares/Third_Party/LwIP/src/core/def.c **** {
  86              		.loc 1 106 1 is_stmt 1 view -0
  87              		.cfi_startproc
  88              		@ args = 0, pretend = 0, frame = 0
  89              		@ frame_needed = 0, uses_anonymous_args = 0
  90              		.loc 1 106 1 is_stmt 0 view .LVU10
  91 0000 2DE9F843 		push	{r3, r4, r5, r6, r7, r8, r9, lr}
  92              	.LCFI0:
  93              		.cfi_def_cfa_offset 32
  94              		.cfi_offset 3, -32
  95              		.cfi_offset 4, -28
  96              		.cfi_offset 5, -24
  97              		.cfi_offset 6, -20
  98              		.cfi_offset 7, -16
  99              		.cfi_offset 8, -12
 100              		.cfi_offset 9, -8
 101              		.cfi_offset 14, -4
 102 0004 0746     		mov	r7, r0
 103 0006 0E46     		mov	r6, r1
 104 0008 9146     		mov	r9, r2
 107:Middlewares/Third_Party/LwIP/src/core/def.c ****   const char *p;
 105              		.loc 1 107 3 is_stmt 1 view .LVU11
 108:Middlewares/Third_Party/LwIP/src/core/def.c ****   size_t tokenlen = strlen(token);
 106              		.loc 1 108 3 view .LVU12
 107              		.loc 1 108 21 is_stmt 0 view .LVU13
 108 000a 0846     		mov	r0, r1
 109              	.LVL5:
 110              		.loc 1 108 21 view .LVU14
 111 000c FFF7FEFF 		bl	strlen
 112              	.LVL6:
 109:Middlewares/Third_Party/LwIP/src/core/def.c ****   if (tokenlen == 0) {
 113              		.loc 1 109 3 is_stmt 1 view .LVU15
 114              		.loc 1 109 6 is_stmt 0 view .LVU16
 115 0010 C0B1     		cbz	r0, .L8
 116 0012 8046     		mov	r8, r0
 110:Middlewares/Third_Party/LwIP/src/core/def.c ****     return LWIP_CONST_CAST(char *, buffer);
 111:Middlewares/Third_Party/LwIP/src/core/def.c ****   }
 112:Middlewares/Third_Party/LwIP/src/core/def.c ****   for (p = buffer; *p && (p + tokenlen <= buffer + n); p++) {
 117              		.loc 1 112 10 view .LVU17
 118 0014 3C46     		mov	r4, r7
 119 0016 00E0     		b	.L5
 120              	.LVL7:
 121              	.L6:
ARM GAS  /tmp/ccyd93Q6.s 			page 5


 122              		.loc 1 112 56 is_stmt 1 discriminator 2 view .LVU18
 123              		.loc 1 112 57 is_stmt 0 discriminator 2 view .LVU19
 124 0018 0134     		adds	r4, r4, #1
 125              	.LVL8:
 126              	.L5:
 127              		.loc 1 112 20 is_stmt 1 discriminator 1 view .LVU20
 128 001a 2578     		ldrb	r5, [r4]	@ zero_extendqisi2
 129              		.loc 1 112 3 is_stmt 0 discriminator 1 view .LVU21
 130 001c B5B1     		cbz	r5, .L9
 131              		.loc 1 112 29 discriminator 3 view .LVU22
 132 001e 04EB0803 		add	r3, r4, r8
 133              		.loc 1 112 50 discriminator 3 view .LVU23
 134 0022 07EB0902 		add	r2, r7, r9
 135              		.loc 1 112 23 discriminator 3 view .LVU24
 136 0026 9342     		cmp	r3, r2
 137 0028 0AD8     		bhi	.L11
 113:Middlewares/Third_Party/LwIP/src/core/def.c ****     if ((*p == *token) && (strncmp(p, token, tokenlen) == 0)) {
 138              		.loc 1 113 5 is_stmt 1 view .LVU25
 139              		.loc 1 113 16 is_stmt 0 view .LVU26
 140 002a 3378     		ldrb	r3, [r6]	@ zero_extendqisi2
 141              		.loc 1 113 8 view .LVU27
 142 002c AB42     		cmp	r3, r5
 143 002e F3D1     		bne	.L6
 144              		.loc 1 113 28 discriminator 1 view .LVU28
 145 0030 4246     		mov	r2, r8
 146 0032 3146     		mov	r1, r6
 147 0034 2046     		mov	r0, r4
 148 0036 FFF7FEFF 		bl	strncmp
 149              	.LVL9:
 150              		.loc 1 113 24 discriminator 1 view .LVU29
 151 003a 0028     		cmp	r0, #0
 152 003c ECD1     		bne	.L6
 153 003e 02E0     		b	.L3
 154              	.L11:
 114:Middlewares/Third_Party/LwIP/src/core/def.c ****       return LWIP_CONST_CAST(char *, p);
 115:Middlewares/Third_Party/LwIP/src/core/def.c ****     }
 116:Middlewares/Third_Party/LwIP/src/core/def.c ****   }
 117:Middlewares/Third_Party/LwIP/src/core/def.c ****   return NULL;
 155              		.loc 1 117 10 view .LVU30
 156 0040 0024     		movs	r4, #0
 157              	.LVL10:
 158              		.loc 1 117 10 view .LVU31
 159 0042 00E0     		b	.L3
 160              	.LVL11:
 161              	.L8:
 110:Middlewares/Third_Party/LwIP/src/core/def.c ****   }
 162              		.loc 1 110 12 view .LVU32
 163 0044 3C46     		mov	r4, r7
 164              	.LVL12:
 165              	.L3:
 118:Middlewares/Third_Party/LwIP/src/core/def.c **** }
 166              		.loc 1 118 1 view .LVU33
 167 0046 2046     		mov	r0, r4
 168 0048 BDE8F883 		pop	{r3, r4, r5, r6, r7, r8, r9, pc}
 169              	.LVL13:
 170              	.L9:
 117:Middlewares/Third_Party/LwIP/src/core/def.c **** }
ARM GAS  /tmp/ccyd93Q6.s 			page 6


 171              		.loc 1 117 10 view .LVU34
 172 004c 0024     		movs	r4, #0
 173              	.LVL14:
 117:Middlewares/Third_Party/LwIP/src/core/def.c **** }
 174              		.loc 1 117 10 view .LVU35
 175 004e FAE7     		b	.L3
 176              		.cfi_endproc
 177              	.LFE169:
 179              		.section	.text.lwip_stricmp,"ax",%progbits
 180              		.align	1
 181              		.global	lwip_stricmp
 182              		.syntax unified
 183              		.thumb
 184              		.thumb_func
 186              	lwip_stricmp:
 187              	.LFB170:
 119:Middlewares/Third_Party/LwIP/src/core/def.c **** #endif
 120:Middlewares/Third_Party/LwIP/src/core/def.c **** 
 121:Middlewares/Third_Party/LwIP/src/core/def.c **** #ifndef lwip_stricmp
 122:Middlewares/Third_Party/LwIP/src/core/def.c **** /**
 123:Middlewares/Third_Party/LwIP/src/core/def.c ****  * @ingroup sys_nonstandard
 124:Middlewares/Third_Party/LwIP/src/core/def.c ****  * lwIP default implementation for stricmp() non-standard function.
 125:Middlewares/Third_Party/LwIP/src/core/def.c ****  * This can be \#defined to stricmp() depending on your platform port.
 126:Middlewares/Third_Party/LwIP/src/core/def.c ****  */
 127:Middlewares/Third_Party/LwIP/src/core/def.c **** int
 128:Middlewares/Third_Party/LwIP/src/core/def.c **** lwip_stricmp(const char *str1, const char *str2)
 129:Middlewares/Third_Party/LwIP/src/core/def.c **** {
 188              		.loc 1 129 1 is_stmt 1 view -0
 189              		.cfi_startproc
 190              		@ args = 0, pretend = 0, frame = 0
 191              		@ frame_needed = 0, uses_anonymous_args = 0
 192              	.LVL15:
 193              		.loc 1 129 1 is_stmt 0 view .LVU37
 194 0000 00B5     		push	{lr}
 195              	.LCFI1:
 196              		.cfi_def_cfa_offset 4
 197              		.cfi_offset 14, -4
 198 0002 00E0     		b	.L15
 199              	.LVL16:
 200              	.L13:
 130:Middlewares/Third_Party/LwIP/src/core/def.c ****   char c1, c2;
 131:Middlewares/Third_Party/LwIP/src/core/def.c **** 
 132:Middlewares/Third_Party/LwIP/src/core/def.c ****   do {
 133:Middlewares/Third_Party/LwIP/src/core/def.c ****     c1 = *str1++;
 134:Middlewares/Third_Party/LwIP/src/core/def.c ****     c2 = *str2++;
 135:Middlewares/Third_Party/LwIP/src/core/def.c ****     if (c1 != c2) {
 136:Middlewares/Third_Party/LwIP/src/core/def.c ****       char c1_upc = c1 | 0x20;
 137:Middlewares/Third_Party/LwIP/src/core/def.c ****       if ((c1_upc >= 'a') && (c1_upc <= 'z')) {
 138:Middlewares/Third_Party/LwIP/src/core/def.c ****         /* characters are not equal an one is in the alphabet range:
 139:Middlewares/Third_Party/LwIP/src/core/def.c ****         downcase both chars and check again */
 140:Middlewares/Third_Party/LwIP/src/core/def.c ****         char c2_upc = c2 | 0x20;
 141:Middlewares/Third_Party/LwIP/src/core/def.c ****         if (c1_upc != c2_upc) {
 142:Middlewares/Third_Party/LwIP/src/core/def.c ****           /* still not equal */
 143:Middlewares/Third_Party/LwIP/src/core/def.c ****           /* don't care for < or > */
 144:Middlewares/Third_Party/LwIP/src/core/def.c ****           return 1;
 145:Middlewares/Third_Party/LwIP/src/core/def.c ****         }
 146:Middlewares/Third_Party/LwIP/src/core/def.c ****       } else {
ARM GAS  /tmp/ccyd93Q6.s 			page 7


 147:Middlewares/Third_Party/LwIP/src/core/def.c ****         /* characters are not equal but none is in the alphabet range */
 148:Middlewares/Third_Party/LwIP/src/core/def.c ****         return 1;
 149:Middlewares/Third_Party/LwIP/src/core/def.c ****       }
 150:Middlewares/Third_Party/LwIP/src/core/def.c ****     }
 151:Middlewares/Third_Party/LwIP/src/core/def.c ****   } while (c1 != 0);
 201              		.loc 1 151 11 is_stmt 1 view .LVU38
 202              		.loc 1 151 3 is_stmt 0 view .LVU39
 203 0004 A2B1     		cbz	r2, .L19
 204              	.LVL17:
 205              	.L15:
 130:Middlewares/Third_Party/LwIP/src/core/def.c ****   char c1, c2;
 206              		.loc 1 130 3 is_stmt 1 view .LVU40
 132:Middlewares/Third_Party/LwIP/src/core/def.c ****     c1 = *str1++;
 207              		.loc 1 132 3 view .LVU41
 133:Middlewares/Third_Party/LwIP/src/core/def.c ****     c2 = *str2++;
 208              		.loc 1 133 5 view .LVU42
 133:Middlewares/Third_Party/LwIP/src/core/def.c ****     c2 = *str2++;
 209              		.loc 1 133 8 is_stmt 0 view .LVU43
 210 0006 0278     		ldrb	r2, [r0]	@ zero_extendqisi2
 211 0008 0130     		adds	r0, r0, #1
 212              	.LVL18:
 134:Middlewares/Third_Party/LwIP/src/core/def.c ****     if (c1 != c2) {
 213              		.loc 1 134 5 is_stmt 1 view .LVU44
 134:Middlewares/Third_Party/LwIP/src/core/def.c ****     if (c1 != c2) {
 214              		.loc 1 134 8 is_stmt 0 view .LVU45
 215 000a 0B78     		ldrb	r3, [r1]	@ zero_extendqisi2
 216 000c 0131     		adds	r1, r1, #1
 217              	.LVL19:
 135:Middlewares/Third_Party/LwIP/src/core/def.c ****       char c1_upc = c1 | 0x20;
 218              		.loc 1 135 5 is_stmt 1 view .LVU46
 135:Middlewares/Third_Party/LwIP/src/core/def.c ****       char c1_upc = c1 | 0x20;
 219              		.loc 1 135 8 is_stmt 0 view .LVU47
 220 000e 9A42     		cmp	r2, r3
 221 0010 F8D0     		beq	.L13
 222              	.LBB2:
 136:Middlewares/Third_Party/LwIP/src/core/def.c ****       if ((c1_upc >= 'a') && (c1_upc <= 'z')) {
 223              		.loc 1 136 7 is_stmt 1 view .LVU48
 136:Middlewares/Third_Party/LwIP/src/core/def.c ****       if ((c1_upc >= 'a') && (c1_upc <= 'z')) {
 224              		.loc 1 136 12 is_stmt 0 view .LVU49
 225 0012 42F0200E 		orr	lr, r2, #32
 226              	.LVL20:
 137:Middlewares/Third_Party/LwIP/src/core/def.c ****         /* characters are not equal an one is in the alphabet range:
 227              		.loc 1 137 7 is_stmt 1 view .LVU50
 137:Middlewares/Third_Party/LwIP/src/core/def.c ****         /* characters are not equal an one is in the alphabet range:
 228              		.loc 1 137 27 is_stmt 0 view .LVU51
 229 0016 AEF1610C 		sub	ip, lr, #97
 230 001a 5FFA8CFC 		uxtb	ip, ip
 137:Middlewares/Third_Party/LwIP/src/core/def.c ****         /* characters are not equal an one is in the alphabet range:
 231              		.loc 1 137 10 view .LVU52
 232 001e BCF1190F 		cmp	ip, #25
 233 0022 08D8     		bhi	.L16
 234              	.LBB3:
 140:Middlewares/Third_Party/LwIP/src/core/def.c ****         if (c1_upc != c2_upc) {
 235              		.loc 1 140 9 is_stmt 1 view .LVU53
 140:Middlewares/Third_Party/LwIP/src/core/def.c ****         if (c1_upc != c2_upc) {
 236              		.loc 1 140 14 is_stmt 0 view .LVU54
 237 0024 43F02003 		orr	r3, r3, #32
ARM GAS  /tmp/ccyd93Q6.s 			page 8


 238              	.LVL21:
 141:Middlewares/Third_Party/LwIP/src/core/def.c ****           /* still not equal */
 239              		.loc 1 141 9 is_stmt 1 view .LVU55
 141:Middlewares/Third_Party/LwIP/src/core/def.c ****           /* still not equal */
 240              		.loc 1 141 12 is_stmt 0 view .LVU56
 241 0028 9E45     		cmp	lr, r3
 242 002a EBD0     		beq	.L13
 144:Middlewares/Third_Party/LwIP/src/core/def.c ****         }
 243              		.loc 1 144 18 view .LVU57
 244 002c 0120     		movs	r0, #1
 245              	.LVL22:
 144:Middlewares/Third_Party/LwIP/src/core/def.c ****         }
 246              		.loc 1 144 18 view .LVU58
 247 002e 00E0     		b	.L12
 248              	.LVL23:
 249              	.L19:
 144:Middlewares/Third_Party/LwIP/src/core/def.c ****         }
 250              		.loc 1 144 18 view .LVU59
 251              	.LBE3:
 252              	.LBE2:
 152:Middlewares/Third_Party/LwIP/src/core/def.c ****   return 0;
 253              		.loc 1 152 10 view .LVU60
 254 0030 0020     		movs	r0, #0
 255              	.LVL24:
 256              	.L12:
 153:Middlewares/Third_Party/LwIP/src/core/def.c **** }
 257              		.loc 1 153 1 view .LVU61
 258 0032 5DF804FB 		ldr	pc, [sp], #4
 259              	.LVL25:
 260              	.L16:
 261              	.LBB4:
 148:Middlewares/Third_Party/LwIP/src/core/def.c ****       }
 262              		.loc 1 148 16 view .LVU62
 263 0036 0120     		movs	r0, #1
 264              	.LVL26:
 148:Middlewares/Third_Party/LwIP/src/core/def.c ****       }
 265              		.loc 1 148 16 view .LVU63
 266 0038 FBE7     		b	.L12
 267              	.LBE4:
 268              		.cfi_endproc
 269              	.LFE170:
 271              		.section	.text.lwip_strnicmp,"ax",%progbits
 272              		.align	1
 273              		.global	lwip_strnicmp
 274              		.syntax unified
 275              		.thumb
 276              		.thumb_func
 278              	lwip_strnicmp:
 279              	.LFB171:
 154:Middlewares/Third_Party/LwIP/src/core/def.c **** #endif
 155:Middlewares/Third_Party/LwIP/src/core/def.c **** 
 156:Middlewares/Third_Party/LwIP/src/core/def.c **** #ifndef lwip_strnicmp
 157:Middlewares/Third_Party/LwIP/src/core/def.c **** /**
 158:Middlewares/Third_Party/LwIP/src/core/def.c ****  * @ingroup sys_nonstandard
 159:Middlewares/Third_Party/LwIP/src/core/def.c ****  * lwIP default implementation for strnicmp() non-standard function.
 160:Middlewares/Third_Party/LwIP/src/core/def.c ****  * This can be \#defined to strnicmp() depending on your platform port.
 161:Middlewares/Third_Party/LwIP/src/core/def.c ****  */
ARM GAS  /tmp/ccyd93Q6.s 			page 9


 162:Middlewares/Third_Party/LwIP/src/core/def.c **** int
 163:Middlewares/Third_Party/LwIP/src/core/def.c **** lwip_strnicmp(const char *str1, const char *str2, size_t len)
 164:Middlewares/Third_Party/LwIP/src/core/def.c **** {
 280              		.loc 1 164 1 is_stmt 1 view -0
 281              		.cfi_startproc
 282              		@ args = 0, pretend = 0, frame = 0
 283              		@ frame_needed = 0, uses_anonymous_args = 0
 284              	.LVL27:
 285              		.loc 1 164 1 is_stmt 0 view .LVU65
 286 0000 10B5     		push	{r4, lr}
 287              	.LCFI2:
 288              		.cfi_def_cfa_offset 8
 289              		.cfi_offset 4, -8
 290              		.cfi_offset 14, -4
 291 0002 0AE0     		b	.L23
 292              	.LVL28:
 293              	.L21:
 165:Middlewares/Third_Party/LwIP/src/core/def.c ****   char c1, c2;
 166:Middlewares/Third_Party/LwIP/src/core/def.c **** 
 167:Middlewares/Third_Party/LwIP/src/core/def.c ****   do {
 168:Middlewares/Third_Party/LwIP/src/core/def.c ****     c1 = *str1++;
 169:Middlewares/Third_Party/LwIP/src/core/def.c ****     c2 = *str2++;
 170:Middlewares/Third_Party/LwIP/src/core/def.c ****     if (c1 != c2) {
 171:Middlewares/Third_Party/LwIP/src/core/def.c ****       char c1_upc = c1 | 0x20;
 172:Middlewares/Third_Party/LwIP/src/core/def.c ****       if ((c1_upc >= 'a') && (c1_upc <= 'z')) {
 173:Middlewares/Third_Party/LwIP/src/core/def.c ****         /* characters are not equal an one is in the alphabet range:
 174:Middlewares/Third_Party/LwIP/src/core/def.c ****         downcase both chars and check again */
 175:Middlewares/Third_Party/LwIP/src/core/def.c ****         char c2_upc = c2 | 0x20;
 176:Middlewares/Third_Party/LwIP/src/core/def.c ****         if (c1_upc != c2_upc) {
 177:Middlewares/Third_Party/LwIP/src/core/def.c ****           /* still not equal */
 178:Middlewares/Third_Party/LwIP/src/core/def.c ****           /* don't care for < or > */
 179:Middlewares/Third_Party/LwIP/src/core/def.c ****           return 1;
 180:Middlewares/Third_Party/LwIP/src/core/def.c ****         }
 181:Middlewares/Third_Party/LwIP/src/core/def.c ****       } else {
 182:Middlewares/Third_Party/LwIP/src/core/def.c ****         /* characters are not equal but none is in the alphabet range */
 183:Middlewares/Third_Party/LwIP/src/core/def.c ****         return 1;
 184:Middlewares/Third_Party/LwIP/src/core/def.c ****       }
 185:Middlewares/Third_Party/LwIP/src/core/def.c ****     }
 186:Middlewares/Third_Party/LwIP/src/core/def.c ****     len--;
 294              		.loc 1 186 5 is_stmt 1 view .LVU66
 187:Middlewares/Third_Party/LwIP/src/core/def.c ****   } while ((len != 0) && (c1 != 0));
 295              		.loc 1 187 11 view .LVU67
 296              		.loc 1 187 17 is_stmt 0 view .LVU68
 297 0004 013A     		subs	r2, r2, #1
 298              	.LVL29:
 299              		.loc 1 187 17 view .LVU69
 300 0006 14BF     		ite	ne
 301 0008 0123     		movne	r3, #1
 302 000a 0023     		moveq	r3, #0
 303              		.loc 1 187 23 view .LVU70
 304 000c BCF1000F 		cmp	ip, #0
 305 0010 0CBF     		ite	eq
 306 0012 0023     		moveq	r3, #0
 307 0014 03F00103 		andne	r3, r3, #1
 308              		.loc 1 187 3 view .LVU71
 309 0018 ABB1     		cbz	r3, .L27
 310              	.LVL30:
ARM GAS  /tmp/ccyd93Q6.s 			page 10


 311              	.L23:
 165:Middlewares/Third_Party/LwIP/src/core/def.c ****   char c1, c2;
 312              		.loc 1 165 3 is_stmt 1 view .LVU72
 167:Middlewares/Third_Party/LwIP/src/core/def.c ****     c1 = *str1++;
 313              		.loc 1 167 3 view .LVU73
 168:Middlewares/Third_Party/LwIP/src/core/def.c ****     c2 = *str2++;
 314              		.loc 1 168 5 view .LVU74
 168:Middlewares/Third_Party/LwIP/src/core/def.c ****     c2 = *str2++;
 315              		.loc 1 168 8 is_stmt 0 view .LVU75
 316 001a 90F800C0 		ldrb	ip, [r0]	@ zero_extendqisi2
 317 001e 0130     		adds	r0, r0, #1
 318              	.LVL31:
 169:Middlewares/Third_Party/LwIP/src/core/def.c ****     if (c1 != c2) {
 319              		.loc 1 169 5 is_stmt 1 view .LVU76
 169:Middlewares/Third_Party/LwIP/src/core/def.c ****     if (c1 != c2) {
 320              		.loc 1 169 8 is_stmt 0 view .LVU77
 321 0020 0B78     		ldrb	r3, [r1]	@ zero_extendqisi2
 322 0022 0131     		adds	r1, r1, #1
 323              	.LVL32:
 170:Middlewares/Third_Party/LwIP/src/core/def.c ****       char c1_upc = c1 | 0x20;
 324              		.loc 1 170 5 is_stmt 1 view .LVU78
 170:Middlewares/Third_Party/LwIP/src/core/def.c ****       char c1_upc = c1 | 0x20;
 325              		.loc 1 170 8 is_stmt 0 view .LVU79
 326 0024 9C45     		cmp	ip, r3
 327 0026 EDD0     		beq	.L21
 328              	.LBB5:
 171:Middlewares/Third_Party/LwIP/src/core/def.c ****       if ((c1_upc >= 'a') && (c1_upc <= 'z')) {
 329              		.loc 1 171 7 is_stmt 1 view .LVU80
 171:Middlewares/Third_Party/LwIP/src/core/def.c ****       if ((c1_upc >= 'a') && (c1_upc <= 'z')) {
 330              		.loc 1 171 12 is_stmt 0 view .LVU81
 331 0028 4CF02004 		orr	r4, ip, #32
 332              	.LVL33:
 172:Middlewares/Third_Party/LwIP/src/core/def.c ****         /* characters are not equal an one is in the alphabet range:
 333              		.loc 1 172 7 is_stmt 1 view .LVU82
 172:Middlewares/Third_Party/LwIP/src/core/def.c ****         /* characters are not equal an one is in the alphabet range:
 334              		.loc 1 172 27 is_stmt 0 view .LVU83
 335 002c A4F1610E 		sub	lr, r4, #97
 336 0030 5FFA8EFE 		uxtb	lr, lr
 172:Middlewares/Third_Party/LwIP/src/core/def.c ****         /* characters are not equal an one is in the alphabet range:
 337              		.loc 1 172 10 view .LVU84
 338 0034 BEF1190F 		cmp	lr, #25
 339 0038 07D8     		bhi	.L24
 340              	.LBB6:
 175:Middlewares/Third_Party/LwIP/src/core/def.c ****         if (c1_upc != c2_upc) {
 341              		.loc 1 175 9 is_stmt 1 view .LVU85
 175:Middlewares/Third_Party/LwIP/src/core/def.c ****         if (c1_upc != c2_upc) {
 342              		.loc 1 175 14 is_stmt 0 view .LVU86
 343 003a 43F02003 		orr	r3, r3, #32
 344              	.LVL34:
 176:Middlewares/Third_Party/LwIP/src/core/def.c ****           /* still not equal */
 345              		.loc 1 176 9 is_stmt 1 view .LVU87
 176:Middlewares/Third_Party/LwIP/src/core/def.c ****           /* still not equal */
 346              		.loc 1 176 12 is_stmt 0 view .LVU88
 347 003e 9C42     		cmp	r4, r3
 348 0040 E0D0     		beq	.L21
 179:Middlewares/Third_Party/LwIP/src/core/def.c ****         }
 349              		.loc 1 179 18 view .LVU89
ARM GAS  /tmp/ccyd93Q6.s 			page 11


 350 0042 0120     		movs	r0, #1
 351              	.LVL35:
 179:Middlewares/Third_Party/LwIP/src/core/def.c ****         }
 352              		.loc 1 179 18 view .LVU90
 353 0044 00E0     		b	.L20
 354              	.LVL36:
 355              	.L27:
 179:Middlewares/Third_Party/LwIP/src/core/def.c ****         }
 356              		.loc 1 179 18 view .LVU91
 357              	.LBE6:
 358              	.LBE5:
 188:Middlewares/Third_Party/LwIP/src/core/def.c ****   return 0;
 359              		.loc 1 188 10 view .LVU92
 360 0046 0020     		movs	r0, #0
 361              	.LVL37:
 362              	.L20:
 189:Middlewares/Third_Party/LwIP/src/core/def.c **** }
 363              		.loc 1 189 1 view .LVU93
 364 0048 10BD     		pop	{r4, pc}
 365              	.LVL38:
 366              	.L24:
 367              	.LBB7:
 183:Middlewares/Third_Party/LwIP/src/core/def.c ****       }
 368              		.loc 1 183 16 view .LVU94
 369 004a 0120     		movs	r0, #1
 370              	.LVL39:
 183:Middlewares/Third_Party/LwIP/src/core/def.c ****       }
 371              		.loc 1 183 16 view .LVU95
 372 004c FCE7     		b	.L20
 373              	.LBE7:
 374              		.cfi_endproc
 375              	.LFE171:
 377              		.section	.text.lwip_itoa,"ax",%progbits
 378              		.align	1
 379              		.global	lwip_itoa
 380              		.syntax unified
 381              		.thumb
 382              		.thumb_func
 384              	lwip_itoa:
 385              	.LVL40:
 386              	.LFB172:
 190:Middlewares/Third_Party/LwIP/src/core/def.c **** #endif
 191:Middlewares/Third_Party/LwIP/src/core/def.c **** 
 192:Middlewares/Third_Party/LwIP/src/core/def.c **** #ifndef lwip_itoa
 193:Middlewares/Third_Party/LwIP/src/core/def.c **** /**
 194:Middlewares/Third_Party/LwIP/src/core/def.c ****  * @ingroup sys_nonstandard
 195:Middlewares/Third_Party/LwIP/src/core/def.c ****  * lwIP default implementation for itoa() non-standard function.
 196:Middlewares/Third_Party/LwIP/src/core/def.c ****  * This can be \#defined to itoa() or snprintf(result, bufsize, "%d", number) depending on your pla
 197:Middlewares/Third_Party/LwIP/src/core/def.c ****  */
 198:Middlewares/Third_Party/LwIP/src/core/def.c **** void
 199:Middlewares/Third_Party/LwIP/src/core/def.c **** lwip_itoa(char *result, size_t bufsize, int number)
 200:Middlewares/Third_Party/LwIP/src/core/def.c **** {
 387              		.loc 1 200 1 is_stmt 1 view -0
 388              		.cfi_startproc
 389              		@ args = 0, pretend = 0, frame = 0
 390              		@ frame_needed = 0, uses_anonymous_args = 0
 391              		.loc 1 200 1 is_stmt 0 view .LVU97
ARM GAS  /tmp/ccyd93Q6.s 			page 12


 392 0000 10B5     		push	{r4, lr}
 393              	.LCFI3:
 394              		.cfi_def_cfa_offset 8
 395              		.cfi_offset 4, -8
 396              		.cfi_offset 14, -4
 397 0002 8446     		mov	ip, r0
 398 0004 8E46     		mov	lr, r1
 201:Middlewares/Third_Party/LwIP/src/core/def.c ****   char *res = result;
 399              		.loc 1 201 3 is_stmt 1 view .LVU98
 400              	.LVL41:
 202:Middlewares/Third_Party/LwIP/src/core/def.c ****   char *tmp = result + bufsize - 1;
 401              		.loc 1 202 3 view .LVU99
 402              		.loc 1 202 32 is_stmt 0 view .LVU100
 403 0006 4B1E     		subs	r3, r1, #1
 404              		.loc 1 202 9 view .LVU101
 405 0008 C118     		adds	r1, r0, r3
 406              	.LVL42:
 203:Middlewares/Third_Party/LwIP/src/core/def.c ****   int n = (number >= 0) ? number : -number;
 407              		.loc 1 203 3 is_stmt 1 view .LVU102
 408              		.loc 1 203 7 is_stmt 0 view .LVU103
 409 000a 82EAE274 		eor	r4, r2, r2, asr #31
 410 000e A4EBE274 		sub	r4, r4, r2, asr #31
 411              	.LVL43:
 204:Middlewares/Third_Party/LwIP/src/core/def.c **** 
 205:Middlewares/Third_Party/LwIP/src/core/def.c ****   /* handle invalid bufsize */
 206:Middlewares/Third_Party/LwIP/src/core/def.c ****   if (bufsize < 2) {
 412              		.loc 1 206 3 is_stmt 1 view .LVU104
 413              		.loc 1 206 6 is_stmt 0 view .LVU105
 414 0012 BEF1010F 		cmp	lr, #1
 415 0016 05D9     		bls	.L39
 207:Middlewares/Third_Party/LwIP/src/core/def.c ****     if (bufsize == 1) {
 208:Middlewares/Third_Party/LwIP/src/core/def.c ****       *result = 0;
 209:Middlewares/Third_Party/LwIP/src/core/def.c ****     }
 210:Middlewares/Third_Party/LwIP/src/core/def.c ****     return;
 211:Middlewares/Third_Party/LwIP/src/core/def.c ****   }
 212:Middlewares/Third_Party/LwIP/src/core/def.c **** 
 213:Middlewares/Third_Party/LwIP/src/core/def.c ****   /* First, add sign */
 214:Middlewares/Third_Party/LwIP/src/core/def.c ****   if (number < 0) {
 416              		.loc 1 214 3 is_stmt 1 view .LVU106
 417              		.loc 1 214 6 is_stmt 0 view .LVU107
 418 0018 002A     		cmp	r2, #0
 419 001a 07DB     		blt	.L40
 420              	.LVL44:
 421              	.L32:
 215:Middlewares/Third_Party/LwIP/src/core/def.c ****     *res++ = '-';
 216:Middlewares/Third_Party/LwIP/src/core/def.c ****   }
 217:Middlewares/Third_Party/LwIP/src/core/def.c ****   /* Then create the string from the end and stop if buffer full,
 218:Middlewares/Third_Party/LwIP/src/core/def.c ****      and ensure output string is zero terminated */
 219:Middlewares/Third_Party/LwIP/src/core/def.c ****   *tmp = 0;
 422              		.loc 1 219 3 is_stmt 1 view .LVU108
 423              		.loc 1 219 8 is_stmt 0 view .LVU109
 424 001c 0022     		movs	r2, #0
 425 001e 0CF80320 		strb	r2, [ip, r3]
 220:Middlewares/Third_Party/LwIP/src/core/def.c ****   while ((n != 0) && (tmp > res)) {
 426              		.loc 1 220 3 is_stmt 1 view .LVU110
 427              		.loc 1 220 9 is_stmt 0 view .LVU111
 428 0022 17E0     		b	.L33
ARM GAS  /tmp/ccyd93Q6.s 			page 13


 429              	.LVL45:
 430              	.L39:
 207:Middlewares/Third_Party/LwIP/src/core/def.c ****     if (bufsize == 1) {
 431              		.loc 1 207 5 is_stmt 1 view .LVU112
 207:Middlewares/Third_Party/LwIP/src/core/def.c ****     if (bufsize == 1) {
 432              		.loc 1 207 8 is_stmt 0 view .LVU113
 433 0024 25D1     		bne	.L28
 208:Middlewares/Third_Party/LwIP/src/core/def.c ****     }
 434              		.loc 1 208 7 is_stmt 1 view .LVU114
 208:Middlewares/Third_Party/LwIP/src/core/def.c ****     }
 435              		.loc 1 208 15 is_stmt 0 view .LVU115
 436 0026 0023     		movs	r3, #0
 437 0028 0370     		strb	r3, [r0]
 210:Middlewares/Third_Party/LwIP/src/core/def.c ****   }
 438              		.loc 1 210 5 is_stmt 1 view .LVU116
 439 002a 22E0     		b	.L28
 440              	.L40:
 215:Middlewares/Third_Party/LwIP/src/core/def.c ****   }
 441              		.loc 1 215 5 view .LVU117
 442              	.LVL46:
 215:Middlewares/Third_Party/LwIP/src/core/def.c ****   }
 443              		.loc 1 215 12 is_stmt 0 view .LVU118
 444 002c 2D22     		movs	r2, #45
 445              	.LVL47:
 215:Middlewares/Third_Party/LwIP/src/core/def.c ****   }
 446              		.loc 1 215 12 view .LVU119
 447 002e 00F8012B 		strb	r2, [r0], #1
 448              	.LVL48:
 215:Middlewares/Third_Party/LwIP/src/core/def.c ****   }
 449              		.loc 1 215 12 view .LVU120
 450 0032 F3E7     		b	.L32
 451              	.L34:
 452              	.LBB8:
 221:Middlewares/Third_Party/LwIP/src/core/def.c ****     char val = (char)('0' + (n % 10));
 453              		.loc 1 221 5 is_stmt 1 view .LVU121
 454              		.loc 1 221 32 is_stmt 0 view .LVU122
 455 0034 124A     		ldr	r2, .L42
 456 0036 82FB0432 		smull	r3, r2, r2, r4
 457 003a E317     		asrs	r3, r4, #31
 458 003c C3EBA203 		rsb	r3, r3, r2, asr #2
 459 0040 1A46     		mov	r2, r3
 460 0042 03EB8303 		add	r3, r3, r3, lsl #2
 461 0046 A4EB4303 		sub	r3, r4, r3, lsl #1
 462              		.loc 1 221 16 view .LVU123
 463 004a DBB2     		uxtb	r3, r3
 464              		.loc 1 221 10 view .LVU124
 465 004c 3033     		adds	r3, r3, #48
 466              	.LVL49:
 222:Middlewares/Third_Party/LwIP/src/core/def.c ****     tmp--;
 467              		.loc 1 222 5 is_stmt 1 view .LVU125
 223:Middlewares/Third_Party/LwIP/src/core/def.c ****     *tmp = val;
 468              		.loc 1 223 5 view .LVU126
 469              		.loc 1 223 10 is_stmt 0 view .LVU127
 470 004e 01F8013D 		strb	r3, [r1, #-1]!
 471              	.LVL50:
 224:Middlewares/Third_Party/LwIP/src/core/def.c ****     n = n / 10;
 472              		.loc 1 224 5 is_stmt 1 view .LVU128
ARM GAS  /tmp/ccyd93Q6.s 			page 14


 473              		.loc 1 224 7 is_stmt 0 view .LVU129
 474 0052 1446     		mov	r4, r2
 475              	.LVL51:
 476              	.L33:
 477              		.loc 1 224 7 view .LVU130
 478              	.LBE8:
 220:Middlewares/Third_Party/LwIP/src/core/def.c ****     char val = (char)('0' + (n % 10));
 479              		.loc 1 220 9 is_stmt 1 view .LVU131
 480 0054 002C     		cmp	r4, #0
 481 0056 18BF     		it	ne
 482 0058 8842     		cmpne	r0, r1
 483 005a EBD3     		bcc	.L34
 225:Middlewares/Third_Party/LwIP/src/core/def.c ****   }
 226:Middlewares/Third_Party/LwIP/src/core/def.c ****   if (n) {
 484              		.loc 1 226 3 view .LVU132
 485              		.loc 1 226 6 is_stmt 0 view .LVU133
 486 005c 34B9     		cbnz	r4, .L41
 227:Middlewares/Third_Party/LwIP/src/core/def.c ****     /* buffer is too small */
 228:Middlewares/Third_Party/LwIP/src/core/def.c ****     *result = 0;
 229:Middlewares/Third_Party/LwIP/src/core/def.c ****     return;
 230:Middlewares/Third_Party/LwIP/src/core/def.c ****   }
 231:Middlewares/Third_Party/LwIP/src/core/def.c ****   if (*tmp == 0) {
 487              		.loc 1 231 3 is_stmt 1 view .LVU134
 488              		.loc 1 231 7 is_stmt 0 view .LVU135
 489 005e 0B78     		ldrb	r3, [r1]	@ zero_extendqisi2
 490              		.loc 1 231 6 view .LVU136
 491 0060 43B9     		cbnz	r3, .L36
 232:Middlewares/Third_Party/LwIP/src/core/def.c ****     /* Nothing added? */
 233:Middlewares/Third_Party/LwIP/src/core/def.c ****     *res++ = '0';
 492              		.loc 1 233 5 is_stmt 1 view .LVU137
 493              	.LVL52:
 494              		.loc 1 233 12 is_stmt 0 view .LVU138
 495 0062 3023     		movs	r3, #48
 496 0064 0370     		strb	r3, [r0]
 234:Middlewares/Third_Party/LwIP/src/core/def.c ****     *res++ = 0;
 497              		.loc 1 234 5 is_stmt 1 view .LVU139
 498              	.LVL53:
 499              		.loc 1 234 12 is_stmt 0 view .LVU140
 500 0066 0023     		movs	r3, #0
 501 0068 4370     		strb	r3, [r0, #1]
 235:Middlewares/Third_Party/LwIP/src/core/def.c ****     return;
 502              		.loc 1 235 5 is_stmt 1 view .LVU141
 503 006a 02E0     		b	.L28
 504              	.LVL54:
 505              	.L41:
 228:Middlewares/Third_Party/LwIP/src/core/def.c ****     return;
 506              		.loc 1 228 5 view .LVU142
 228:Middlewares/Third_Party/LwIP/src/core/def.c ****     return;
 507              		.loc 1 228 13 is_stmt 0 view .LVU143
 508 006c 0023     		movs	r3, #0
 509 006e 8CF80030 		strb	r3, [ip]
 229:Middlewares/Third_Party/LwIP/src/core/def.c ****   }
 510              		.loc 1 229 5 is_stmt 1 view .LVU144
 511              	.LVL55:
 512              	.L28:
 236:Middlewares/Third_Party/LwIP/src/core/def.c ****   }
 237:Middlewares/Third_Party/LwIP/src/core/def.c ****   /* move from temporary buffer to output buffer (sign is not moved) */
ARM GAS  /tmp/ccyd93Q6.s 			page 15


 238:Middlewares/Third_Party/LwIP/src/core/def.c ****   memmove(res, tmp, (size_t)((result + bufsize) - tmp));
 239:Middlewares/Third_Party/LwIP/src/core/def.c **** }
 513              		.loc 1 239 1 is_stmt 0 view .LVU145
 514 0072 10BD     		pop	{r4, pc}
 515              	.LVL56:
 516              	.L36:
 238:Middlewares/Third_Party/LwIP/src/core/def.c **** }
 517              		.loc 1 238 3 is_stmt 1 view .LVU146
 238:Middlewares/Third_Party/LwIP/src/core/def.c **** }
 518              		.loc 1 238 38 is_stmt 0 view .LVU147
 519 0074 0CEB0E02 		add	r2, ip, lr
 238:Middlewares/Third_Party/LwIP/src/core/def.c **** }
 520              		.loc 1 238 3 view .LVU148
 521 0078 521A     		subs	r2, r2, r1
 522 007a FFF7FEFF 		bl	memmove
 523              	.LVL57:
 238:Middlewares/Third_Party/LwIP/src/core/def.c **** }
 524              		.loc 1 238 3 view .LVU149
 525 007e F8E7     		b	.L28
 526              	.L43:
 527              		.align	2
 528              	.L42:
 529 0080 67666666 		.word	1717986919
 530              		.cfi_endproc
 531              	.LFE172:
 533              		.text
 534              	.Letext0:
 535              		.file 2 "/home/lobanov/st/stm32cubeclt_1.12.1/GNU-tools-for-STM32/arm-none-eabi/include/machine/_d
 536              		.file 3 "/home/lobanov/st/stm32cubeclt_1.12.1/GNU-tools-for-STM32/arm-none-eabi/include/sys/_stdin
 537              		.file 4 "/home/lobanov/st/stm32cubeclt_1.12.1/GNU-tools-for-STM32/lib/gcc/arm-none-eabi/10.3.1/inc
 538              		.file 5 "Middlewares/Third_Party/LwIP/src/include/lwip/arch.h"
 539              		.file 6 "/home/lobanov/st/stm32cubeclt_1.12.1/GNU-tools-for-STM32/arm-none-eabi/include/string.h"
ARM GAS  /tmp/ccyd93Q6.s 			page 16


DEFINED SYMBOLS
                            *ABS*:0000000000000000 def.c
     /tmp/ccyd93Q6.s:19     .text.lwip_htons:0000000000000000 $t
     /tmp/ccyd93Q6.s:25     .text.lwip_htons:0000000000000000 lwip_htons
     /tmp/ccyd93Q6.s:46     .text.lwip_htonl:0000000000000000 $t
     /tmp/ccyd93Q6.s:52     .text.lwip_htonl:0000000000000000 lwip_htonl
     /tmp/ccyd93Q6.s:77     .text.lwip_strnstr:0000000000000000 $t
     /tmp/ccyd93Q6.s:83     .text.lwip_strnstr:0000000000000000 lwip_strnstr
     /tmp/ccyd93Q6.s:180    .text.lwip_stricmp:0000000000000000 $t
     /tmp/ccyd93Q6.s:186    .text.lwip_stricmp:0000000000000000 lwip_stricmp
     /tmp/ccyd93Q6.s:272    .text.lwip_strnicmp:0000000000000000 $t
     /tmp/ccyd93Q6.s:278    .text.lwip_strnicmp:0000000000000000 lwip_strnicmp
     /tmp/ccyd93Q6.s:378    .text.lwip_itoa:0000000000000000 $t
     /tmp/ccyd93Q6.s:384    .text.lwip_itoa:0000000000000000 lwip_itoa
     /tmp/ccyd93Q6.s:529    .text.lwip_itoa:0000000000000080 $d

UNDEFINED SYMBOLS
strlen
strncmp
memmove
