ARM GAS  /tmp/ccsLJAQK.s 			page 1


   1              		.cpu cortex-m7
   2              		.arch armv7e-m
   3              		.fpu fpv5-d16
   4              		.eabi_attribute 28, 1
   5              		.eabi_attribute 20, 1
   6              		.eabi_attribute 21, 1
   7              		.eabi_attribute 23, 3
   8              		.eabi_attribute 24, 1
   9              		.eabi_attribute 25, 1
  10              		.eabi_attribute 26, 1
  11              		.eabi_attribute 30, 1
  12              		.eabi_attribute 34, 1
  13              		.eabi_attribute 18, 4
  14              		.file	"memp.c"
  15              		.text
  16              	.Ltext0:
  17              		.cfi_sections	.debug_frame
  18              		.section	.rodata.do_memp_malloc_pool.str1.4,"aMS",%progbits,1
  19              		.align	2
  20              	.LC0:
  21 0000 4D696464 		.ascii	"Middlewares/Third_Party/LwIP/src/core/memp.c\000"
  21      6C657761 
  21      7265732F 
  21      54686972 
  21      645F5061 
  22 002d 000000   		.align	2
  23              	.LC1:
  24 0030 6D656D70 		.ascii	"memp_malloc: memp properly aligned\000"
  24      5F6D616C 
  24      6C6F633A 
  24      206D656D 
  24      70207072 
  25 0053 00       		.align	2
  26              	.LC2:
  27 0054 41737365 		.ascii	"Assertion \"%s\" failed at line %d in %s\012\000"
  27      7274696F 
  27      6E202225 
  27      73222066 
  27      61696C65 
  28              		.section	.text.do_memp_malloc_pool,"ax",%progbits
  29              		.align	1
  30              		.syntax unified
  31              		.thumb
  32              		.thumb_func
  34              	do_memp_malloc_pool:
  35              	.LVL0:
  36              	.LFB169:
  37              		.file 1 "Middlewares/Third_Party/LwIP/src/core/memp.c"
   1:Middlewares/Third_Party/LwIP/src/core/memp.c **** /**
   2:Middlewares/Third_Party/LwIP/src/core/memp.c ****  * @file
   3:Middlewares/Third_Party/LwIP/src/core/memp.c ****  * Dynamic pool memory manager
   4:Middlewares/Third_Party/LwIP/src/core/memp.c ****  *
   5:Middlewares/Third_Party/LwIP/src/core/memp.c ****  * lwIP has dedicated pools for many structures (netconn, protocol control blocks,
   6:Middlewares/Third_Party/LwIP/src/core/memp.c ****  * packet buffers, ...). All these pools are managed here.
   7:Middlewares/Third_Party/LwIP/src/core/memp.c ****  *
   8:Middlewares/Third_Party/LwIP/src/core/memp.c ****  * @defgroup mempool Memory pools
   9:Middlewares/Third_Party/LwIP/src/core/memp.c ****  * @ingroup infrastructure
ARM GAS  /tmp/ccsLJAQK.s 			page 2


  10:Middlewares/Third_Party/LwIP/src/core/memp.c ****  * Custom memory pools
  11:Middlewares/Third_Party/LwIP/src/core/memp.c **** 
  12:Middlewares/Third_Party/LwIP/src/core/memp.c ****  */
  13:Middlewares/Third_Party/LwIP/src/core/memp.c **** 
  14:Middlewares/Third_Party/LwIP/src/core/memp.c **** /*
  15:Middlewares/Third_Party/LwIP/src/core/memp.c ****  * Copyright (c) 2001-2004 Swedish Institute of Computer Science.
  16:Middlewares/Third_Party/LwIP/src/core/memp.c ****  * All rights reserved.
  17:Middlewares/Third_Party/LwIP/src/core/memp.c ****  *
  18:Middlewares/Third_Party/LwIP/src/core/memp.c ****  * Redistribution and use in source and binary forms, with or without modification,
  19:Middlewares/Third_Party/LwIP/src/core/memp.c ****  * are permitted provided that the following conditions are met:
  20:Middlewares/Third_Party/LwIP/src/core/memp.c ****  *
  21:Middlewares/Third_Party/LwIP/src/core/memp.c ****  * 1. Redistributions of source code must retain the above copyright notice,
  22:Middlewares/Third_Party/LwIP/src/core/memp.c ****  *    this list of conditions and the following disclaimer.
  23:Middlewares/Third_Party/LwIP/src/core/memp.c ****  * 2. Redistributions in binary form must reproduce the above copyright notice,
  24:Middlewares/Third_Party/LwIP/src/core/memp.c ****  *    this list of conditions and the following disclaimer in the documentation
  25:Middlewares/Third_Party/LwIP/src/core/memp.c ****  *    and/or other materials provided with the distribution.
  26:Middlewares/Third_Party/LwIP/src/core/memp.c ****  * 3. The name of the author may not be used to endorse or promote products
  27:Middlewares/Third_Party/LwIP/src/core/memp.c ****  *    derived from this software without specific prior written permission.
  28:Middlewares/Third_Party/LwIP/src/core/memp.c ****  *
  29:Middlewares/Third_Party/LwIP/src/core/memp.c ****  * THIS SOFTWARE IS PROVIDED BY THE AUTHOR ``AS IS'' AND ANY EXPRESS OR IMPLIED
  30:Middlewares/Third_Party/LwIP/src/core/memp.c ****  * WARRANTIES, INCLUDING, BUT NOT LIMITED TO, THE IMPLIED WARRANTIES OF
  31:Middlewares/Third_Party/LwIP/src/core/memp.c ****  * MERCHANTABILITY AND FITNESS FOR A PARTICULAR PURPOSE ARE DISCLAIMED. IN NO EVENT
  32:Middlewares/Third_Party/LwIP/src/core/memp.c ****  * SHALL THE AUTHOR BE LIABLE FOR ANY DIRECT, INDIRECT, INCIDENTAL, SPECIAL,
  33:Middlewares/Third_Party/LwIP/src/core/memp.c ****  * EXEMPLARY, OR CONSEQUENTIAL DAMAGES (INCLUDING, BUT NOT LIMITED TO, PROCUREMENT
  34:Middlewares/Third_Party/LwIP/src/core/memp.c ****  * OF SUBSTITUTE GOODS OR SERVICES; LOSS OF USE, DATA, OR PROFITS; OR BUSINESS
  35:Middlewares/Third_Party/LwIP/src/core/memp.c ****  * INTERRUPTION) HOWEVER CAUSED AND ON ANY THEORY OF LIABILITY, WHETHER IN
  36:Middlewares/Third_Party/LwIP/src/core/memp.c ****  * CONTRACT, STRICT LIABILITY, OR TORT (INCLUDING NEGLIGENCE OR OTHERWISE) ARISING
  37:Middlewares/Third_Party/LwIP/src/core/memp.c ****  * IN ANY WAY OUT OF THE USE OF THIS SOFTWARE, EVEN IF ADVISED OF THE POSSIBILITY
  38:Middlewares/Third_Party/LwIP/src/core/memp.c ****  * OF SUCH DAMAGE.
  39:Middlewares/Third_Party/LwIP/src/core/memp.c ****  *
  40:Middlewares/Third_Party/LwIP/src/core/memp.c ****  * This file is part of the lwIP TCP/IP stack.
  41:Middlewares/Third_Party/LwIP/src/core/memp.c ****  *
  42:Middlewares/Third_Party/LwIP/src/core/memp.c ****  * Author: Adam Dunkels <adam@sics.se>
  43:Middlewares/Third_Party/LwIP/src/core/memp.c ****  *
  44:Middlewares/Third_Party/LwIP/src/core/memp.c ****  */
  45:Middlewares/Third_Party/LwIP/src/core/memp.c **** 
  46:Middlewares/Third_Party/LwIP/src/core/memp.c **** #include "lwip/opt.h"
  47:Middlewares/Third_Party/LwIP/src/core/memp.c **** 
  48:Middlewares/Third_Party/LwIP/src/core/memp.c **** #include "lwip/memp.h"
  49:Middlewares/Third_Party/LwIP/src/core/memp.c **** #include "lwip/sys.h"
  50:Middlewares/Third_Party/LwIP/src/core/memp.c **** #include "lwip/stats.h"
  51:Middlewares/Third_Party/LwIP/src/core/memp.c **** 
  52:Middlewares/Third_Party/LwIP/src/core/memp.c **** #include <string.h>
  53:Middlewares/Third_Party/LwIP/src/core/memp.c **** 
  54:Middlewares/Third_Party/LwIP/src/core/memp.c **** /* Make sure we include everything we need for size calculation required by memp_std.h */
  55:Middlewares/Third_Party/LwIP/src/core/memp.c **** #include "lwip/pbuf.h"
  56:Middlewares/Third_Party/LwIP/src/core/memp.c **** #include "lwip/raw.h"
  57:Middlewares/Third_Party/LwIP/src/core/memp.c **** #include "lwip/udp.h"
  58:Middlewares/Third_Party/LwIP/src/core/memp.c **** #include "lwip/tcp.h"
  59:Middlewares/Third_Party/LwIP/src/core/memp.c **** #include "lwip/priv/tcp_priv.h"
  60:Middlewares/Third_Party/LwIP/src/core/memp.c **** #include "lwip/altcp.h"
  61:Middlewares/Third_Party/LwIP/src/core/memp.c **** #include "lwip/ip4_frag.h"
  62:Middlewares/Third_Party/LwIP/src/core/memp.c **** #include "lwip/netbuf.h"
  63:Middlewares/Third_Party/LwIP/src/core/memp.c **** #include "lwip/api.h"
  64:Middlewares/Third_Party/LwIP/src/core/memp.c **** #include "lwip/priv/tcpip_priv.h"
  65:Middlewares/Third_Party/LwIP/src/core/memp.c **** #include "lwip/priv/api_msg.h"
  66:Middlewares/Third_Party/LwIP/src/core/memp.c **** #include "lwip/priv/sockets_priv.h"
ARM GAS  /tmp/ccsLJAQK.s 			page 3


  67:Middlewares/Third_Party/LwIP/src/core/memp.c **** #include "lwip/etharp.h"
  68:Middlewares/Third_Party/LwIP/src/core/memp.c **** #include "lwip/igmp.h"
  69:Middlewares/Third_Party/LwIP/src/core/memp.c **** #include "lwip/timeouts.h"
  70:Middlewares/Third_Party/LwIP/src/core/memp.c **** /* needed by default MEMP_NUM_SYS_TIMEOUT */
  71:Middlewares/Third_Party/LwIP/src/core/memp.c **** #include "netif/ppp/ppp_opts.h"
  72:Middlewares/Third_Party/LwIP/src/core/memp.c **** #include "lwip/netdb.h"
  73:Middlewares/Third_Party/LwIP/src/core/memp.c **** #include "lwip/dns.h"
  74:Middlewares/Third_Party/LwIP/src/core/memp.c **** #include "lwip/priv/nd6_priv.h"
  75:Middlewares/Third_Party/LwIP/src/core/memp.c **** #include "lwip/ip6_frag.h"
  76:Middlewares/Third_Party/LwIP/src/core/memp.c **** #include "lwip/mld6.h"
  77:Middlewares/Third_Party/LwIP/src/core/memp.c **** 
  78:Middlewares/Third_Party/LwIP/src/core/memp.c **** #define LWIP_MEMPOOL(name,num,size,desc) LWIP_MEMPOOL_DECLARE(name,num,size,desc)
  79:Middlewares/Third_Party/LwIP/src/core/memp.c **** #include "lwip/priv/memp_std.h"
  80:Middlewares/Third_Party/LwIP/src/core/memp.c **** 
  81:Middlewares/Third_Party/LwIP/src/core/memp.c **** const struct memp_desc *const memp_pools[MEMP_MAX] = {
  82:Middlewares/Third_Party/LwIP/src/core/memp.c **** #define LWIP_MEMPOOL(name,num,size,desc) &memp_ ## name,
  83:Middlewares/Third_Party/LwIP/src/core/memp.c **** #include "lwip/priv/memp_std.h"
  84:Middlewares/Third_Party/LwIP/src/core/memp.c **** };
  85:Middlewares/Third_Party/LwIP/src/core/memp.c **** 
  86:Middlewares/Third_Party/LwIP/src/core/memp.c **** #ifdef LWIP_HOOK_FILENAME
  87:Middlewares/Third_Party/LwIP/src/core/memp.c **** #include LWIP_HOOK_FILENAME
  88:Middlewares/Third_Party/LwIP/src/core/memp.c **** #endif
  89:Middlewares/Third_Party/LwIP/src/core/memp.c **** 
  90:Middlewares/Third_Party/LwIP/src/core/memp.c **** #if MEMP_MEM_MALLOC && MEMP_OVERFLOW_CHECK >= 2
  91:Middlewares/Third_Party/LwIP/src/core/memp.c **** #undef MEMP_OVERFLOW_CHECK
  92:Middlewares/Third_Party/LwIP/src/core/memp.c **** /* MEMP_OVERFLOW_CHECK >= 2 does not work with MEMP_MEM_MALLOC, use 1 instead */
  93:Middlewares/Third_Party/LwIP/src/core/memp.c **** #define MEMP_OVERFLOW_CHECK 1
  94:Middlewares/Third_Party/LwIP/src/core/memp.c **** #endif
  95:Middlewares/Third_Party/LwIP/src/core/memp.c **** 
  96:Middlewares/Third_Party/LwIP/src/core/memp.c **** #if MEMP_SANITY_CHECK && !MEMP_MEM_MALLOC
  97:Middlewares/Third_Party/LwIP/src/core/memp.c **** /**
  98:Middlewares/Third_Party/LwIP/src/core/memp.c ****  * Check that memp-lists don't form a circle, using "Floyd's cycle-finding algorithm".
  99:Middlewares/Third_Party/LwIP/src/core/memp.c ****  */
 100:Middlewares/Third_Party/LwIP/src/core/memp.c **** static int
 101:Middlewares/Third_Party/LwIP/src/core/memp.c **** memp_sanity(const struct memp_desc *desc)
 102:Middlewares/Third_Party/LwIP/src/core/memp.c **** {
 103:Middlewares/Third_Party/LwIP/src/core/memp.c ****   struct memp *t, *h;
 104:Middlewares/Third_Party/LwIP/src/core/memp.c **** 
 105:Middlewares/Third_Party/LwIP/src/core/memp.c ****   t = *desc->tab;
 106:Middlewares/Third_Party/LwIP/src/core/memp.c ****   if (t != NULL) {
 107:Middlewares/Third_Party/LwIP/src/core/memp.c ****     for (h = t->next; (t != NULL) && (h != NULL); t = t->next,
 108:Middlewares/Third_Party/LwIP/src/core/memp.c ****          h = ((h->next != NULL) ? h->next->next : NULL)) {
 109:Middlewares/Third_Party/LwIP/src/core/memp.c ****       if (t == h) {
 110:Middlewares/Third_Party/LwIP/src/core/memp.c ****         return 0;
 111:Middlewares/Third_Party/LwIP/src/core/memp.c ****       }
 112:Middlewares/Third_Party/LwIP/src/core/memp.c ****     }
 113:Middlewares/Third_Party/LwIP/src/core/memp.c ****   }
 114:Middlewares/Third_Party/LwIP/src/core/memp.c **** 
 115:Middlewares/Third_Party/LwIP/src/core/memp.c ****   return 1;
 116:Middlewares/Third_Party/LwIP/src/core/memp.c **** }
 117:Middlewares/Third_Party/LwIP/src/core/memp.c **** #endif /* MEMP_SANITY_CHECK && !MEMP_MEM_MALLOC */
 118:Middlewares/Third_Party/LwIP/src/core/memp.c **** 
 119:Middlewares/Third_Party/LwIP/src/core/memp.c **** #if MEMP_OVERFLOW_CHECK
 120:Middlewares/Third_Party/LwIP/src/core/memp.c **** /**
 121:Middlewares/Third_Party/LwIP/src/core/memp.c ****  * Check if a memp element was victim of an overflow or underflow
 122:Middlewares/Third_Party/LwIP/src/core/memp.c ****  * (e.g. the restricted area after/before it has been altered)
 123:Middlewares/Third_Party/LwIP/src/core/memp.c ****  *
ARM GAS  /tmp/ccsLJAQK.s 			page 4


 124:Middlewares/Third_Party/LwIP/src/core/memp.c ****  * @param p the memp element to check
 125:Middlewares/Third_Party/LwIP/src/core/memp.c ****  * @param desc the pool p comes from
 126:Middlewares/Third_Party/LwIP/src/core/memp.c ****  */
 127:Middlewares/Third_Party/LwIP/src/core/memp.c **** static void
 128:Middlewares/Third_Party/LwIP/src/core/memp.c **** memp_overflow_check_element(struct memp *p, const struct memp_desc *desc)
 129:Middlewares/Third_Party/LwIP/src/core/memp.c **** {
 130:Middlewares/Third_Party/LwIP/src/core/memp.c ****   mem_overflow_check_raw((u8_t *)p + MEMP_SIZE, desc->size, "pool ", desc->desc);
 131:Middlewares/Third_Party/LwIP/src/core/memp.c **** }
 132:Middlewares/Third_Party/LwIP/src/core/memp.c **** 
 133:Middlewares/Third_Party/LwIP/src/core/memp.c **** /**
 134:Middlewares/Third_Party/LwIP/src/core/memp.c ****  * Initialize the restricted area of on memp element.
 135:Middlewares/Third_Party/LwIP/src/core/memp.c ****  */
 136:Middlewares/Third_Party/LwIP/src/core/memp.c **** static void
 137:Middlewares/Third_Party/LwIP/src/core/memp.c **** memp_overflow_init_element(struct memp *p, const struct memp_desc *desc)
 138:Middlewares/Third_Party/LwIP/src/core/memp.c **** {
 139:Middlewares/Third_Party/LwIP/src/core/memp.c ****   mem_overflow_init_raw((u8_t *)p + MEMP_SIZE, desc->size);
 140:Middlewares/Third_Party/LwIP/src/core/memp.c **** }
 141:Middlewares/Third_Party/LwIP/src/core/memp.c **** 
 142:Middlewares/Third_Party/LwIP/src/core/memp.c **** #if MEMP_OVERFLOW_CHECK >= 2
 143:Middlewares/Third_Party/LwIP/src/core/memp.c **** /**
 144:Middlewares/Third_Party/LwIP/src/core/memp.c ****  * Do an overflow check for all elements in every pool.
 145:Middlewares/Third_Party/LwIP/src/core/memp.c ****  *
 146:Middlewares/Third_Party/LwIP/src/core/memp.c ****  * @see memp_overflow_check_element for a description of the check
 147:Middlewares/Third_Party/LwIP/src/core/memp.c ****  */
 148:Middlewares/Third_Party/LwIP/src/core/memp.c **** static void
 149:Middlewares/Third_Party/LwIP/src/core/memp.c **** memp_overflow_check_all(void)
 150:Middlewares/Third_Party/LwIP/src/core/memp.c **** {
 151:Middlewares/Third_Party/LwIP/src/core/memp.c ****   u16_t i, j;
 152:Middlewares/Third_Party/LwIP/src/core/memp.c ****   struct memp *p;
 153:Middlewares/Third_Party/LwIP/src/core/memp.c ****   SYS_ARCH_DECL_PROTECT(old_level);
 154:Middlewares/Third_Party/LwIP/src/core/memp.c ****   SYS_ARCH_PROTECT(old_level);
 155:Middlewares/Third_Party/LwIP/src/core/memp.c **** 
 156:Middlewares/Third_Party/LwIP/src/core/memp.c ****   for (i = 0; i < MEMP_MAX; ++i) {
 157:Middlewares/Third_Party/LwIP/src/core/memp.c ****     p = (struct memp *)LWIP_MEM_ALIGN(memp_pools[i]->base);
 158:Middlewares/Third_Party/LwIP/src/core/memp.c ****     for (j = 0; j < memp_pools[i]->num; ++j) {
 159:Middlewares/Third_Party/LwIP/src/core/memp.c ****       memp_overflow_check_element(p, memp_pools[i]);
 160:Middlewares/Third_Party/LwIP/src/core/memp.c ****       p = LWIP_ALIGNMENT_CAST(struct memp *, ((u8_t *)p + MEMP_SIZE + memp_pools[i]->size + MEM_SAN
 161:Middlewares/Third_Party/LwIP/src/core/memp.c ****     }
 162:Middlewares/Third_Party/LwIP/src/core/memp.c ****   }
 163:Middlewares/Third_Party/LwIP/src/core/memp.c ****   SYS_ARCH_UNPROTECT(old_level);
 164:Middlewares/Third_Party/LwIP/src/core/memp.c **** }
 165:Middlewares/Third_Party/LwIP/src/core/memp.c **** #endif /* MEMP_OVERFLOW_CHECK >= 2 */
 166:Middlewares/Third_Party/LwIP/src/core/memp.c **** #endif /* MEMP_OVERFLOW_CHECK */
 167:Middlewares/Third_Party/LwIP/src/core/memp.c **** 
 168:Middlewares/Third_Party/LwIP/src/core/memp.c **** /**
 169:Middlewares/Third_Party/LwIP/src/core/memp.c ****  * Initialize custom memory pool.
 170:Middlewares/Third_Party/LwIP/src/core/memp.c ****  * Related functions: memp_malloc_pool, memp_free_pool
 171:Middlewares/Third_Party/LwIP/src/core/memp.c ****  *
 172:Middlewares/Third_Party/LwIP/src/core/memp.c ****  * @param desc pool to initialize
 173:Middlewares/Third_Party/LwIP/src/core/memp.c ****  */
 174:Middlewares/Third_Party/LwIP/src/core/memp.c **** void
 175:Middlewares/Third_Party/LwIP/src/core/memp.c **** memp_init_pool(const struct memp_desc *desc)
 176:Middlewares/Third_Party/LwIP/src/core/memp.c **** {
 177:Middlewares/Third_Party/LwIP/src/core/memp.c **** #if MEMP_MEM_MALLOC
 178:Middlewares/Third_Party/LwIP/src/core/memp.c ****   LWIP_UNUSED_ARG(desc);
 179:Middlewares/Third_Party/LwIP/src/core/memp.c **** #else
 180:Middlewares/Third_Party/LwIP/src/core/memp.c ****   int i;
ARM GAS  /tmp/ccsLJAQK.s 			page 5


 181:Middlewares/Third_Party/LwIP/src/core/memp.c ****   struct memp *memp;
 182:Middlewares/Third_Party/LwIP/src/core/memp.c **** 
 183:Middlewares/Third_Party/LwIP/src/core/memp.c ****   *desc->tab = NULL;
 184:Middlewares/Third_Party/LwIP/src/core/memp.c ****   memp = (struct memp *)LWIP_MEM_ALIGN(desc->base);
 185:Middlewares/Third_Party/LwIP/src/core/memp.c **** #if MEMP_MEM_INIT
 186:Middlewares/Third_Party/LwIP/src/core/memp.c ****   /* force memset on pool memory */
 187:Middlewares/Third_Party/LwIP/src/core/memp.c ****   memset(memp, 0, (size_t)desc->num * (MEMP_SIZE + desc->size
 188:Middlewares/Third_Party/LwIP/src/core/memp.c **** #if MEMP_OVERFLOW_CHECK
 189:Middlewares/Third_Party/LwIP/src/core/memp.c ****                                        + MEM_SANITY_REGION_AFTER_ALIGNED
 190:Middlewares/Third_Party/LwIP/src/core/memp.c **** #endif
 191:Middlewares/Third_Party/LwIP/src/core/memp.c ****                                       ));
 192:Middlewares/Third_Party/LwIP/src/core/memp.c **** #endif
 193:Middlewares/Third_Party/LwIP/src/core/memp.c ****   /* create a linked list of memp elements */
 194:Middlewares/Third_Party/LwIP/src/core/memp.c ****   for (i = 0; i < desc->num; ++i) {
 195:Middlewares/Third_Party/LwIP/src/core/memp.c ****     memp->next = *desc->tab;
 196:Middlewares/Third_Party/LwIP/src/core/memp.c ****     *desc->tab = memp;
 197:Middlewares/Third_Party/LwIP/src/core/memp.c **** #if MEMP_OVERFLOW_CHECK
 198:Middlewares/Third_Party/LwIP/src/core/memp.c ****     memp_overflow_init_element(memp, desc);
 199:Middlewares/Third_Party/LwIP/src/core/memp.c **** #endif /* MEMP_OVERFLOW_CHECK */
 200:Middlewares/Third_Party/LwIP/src/core/memp.c ****     /* cast through void* to get rid of alignment warnings */
 201:Middlewares/Third_Party/LwIP/src/core/memp.c ****     memp = (struct memp *)(void *)((u8_t *)memp + MEMP_SIZE + desc->size
 202:Middlewares/Third_Party/LwIP/src/core/memp.c **** #if MEMP_OVERFLOW_CHECK
 203:Middlewares/Third_Party/LwIP/src/core/memp.c ****                                    + MEM_SANITY_REGION_AFTER_ALIGNED
 204:Middlewares/Third_Party/LwIP/src/core/memp.c **** #endif
 205:Middlewares/Third_Party/LwIP/src/core/memp.c ****                                   );
 206:Middlewares/Third_Party/LwIP/src/core/memp.c ****   }
 207:Middlewares/Third_Party/LwIP/src/core/memp.c **** #if MEMP_STATS
 208:Middlewares/Third_Party/LwIP/src/core/memp.c ****   desc->stats->avail = desc->num;
 209:Middlewares/Third_Party/LwIP/src/core/memp.c **** #endif /* MEMP_STATS */
 210:Middlewares/Third_Party/LwIP/src/core/memp.c **** #endif /* !MEMP_MEM_MALLOC */
 211:Middlewares/Third_Party/LwIP/src/core/memp.c **** 
 212:Middlewares/Third_Party/LwIP/src/core/memp.c **** #if MEMP_STATS && (defined(LWIP_DEBUG) || LWIP_STATS_DISPLAY)
 213:Middlewares/Third_Party/LwIP/src/core/memp.c ****   desc->stats->name  = desc->desc;
 214:Middlewares/Third_Party/LwIP/src/core/memp.c **** #endif /* MEMP_STATS && (defined(LWIP_DEBUG) || LWIP_STATS_DISPLAY) */
 215:Middlewares/Third_Party/LwIP/src/core/memp.c **** }
 216:Middlewares/Third_Party/LwIP/src/core/memp.c **** 
 217:Middlewares/Third_Party/LwIP/src/core/memp.c **** /**
 218:Middlewares/Third_Party/LwIP/src/core/memp.c ****  * Initializes lwIP built-in pools.
 219:Middlewares/Third_Party/LwIP/src/core/memp.c ****  * Related functions: memp_malloc, memp_free
 220:Middlewares/Third_Party/LwIP/src/core/memp.c ****  *
 221:Middlewares/Third_Party/LwIP/src/core/memp.c ****  * Carves out memp_memory into linked lists for each pool-type.
 222:Middlewares/Third_Party/LwIP/src/core/memp.c ****  */
 223:Middlewares/Third_Party/LwIP/src/core/memp.c **** void
 224:Middlewares/Third_Party/LwIP/src/core/memp.c **** memp_init(void)
 225:Middlewares/Third_Party/LwIP/src/core/memp.c **** {
 226:Middlewares/Third_Party/LwIP/src/core/memp.c ****   u16_t i;
 227:Middlewares/Third_Party/LwIP/src/core/memp.c **** 
 228:Middlewares/Third_Party/LwIP/src/core/memp.c ****   /* for every pool: */
 229:Middlewares/Third_Party/LwIP/src/core/memp.c ****   for (i = 0; i < LWIP_ARRAYSIZE(memp_pools); i++) {
 230:Middlewares/Third_Party/LwIP/src/core/memp.c ****     memp_init_pool(memp_pools[i]);
 231:Middlewares/Third_Party/LwIP/src/core/memp.c **** 
 232:Middlewares/Third_Party/LwIP/src/core/memp.c **** #if LWIP_STATS && MEMP_STATS
 233:Middlewares/Third_Party/LwIP/src/core/memp.c ****     lwip_stats.memp[i] = memp_pools[i]->stats;
 234:Middlewares/Third_Party/LwIP/src/core/memp.c **** #endif
 235:Middlewares/Third_Party/LwIP/src/core/memp.c ****   }
 236:Middlewares/Third_Party/LwIP/src/core/memp.c **** 
 237:Middlewares/Third_Party/LwIP/src/core/memp.c **** #if MEMP_OVERFLOW_CHECK >= 2
ARM GAS  /tmp/ccsLJAQK.s 			page 6


 238:Middlewares/Third_Party/LwIP/src/core/memp.c ****   /* check everything a first time to see if it worked */
 239:Middlewares/Third_Party/LwIP/src/core/memp.c ****   memp_overflow_check_all();
 240:Middlewares/Third_Party/LwIP/src/core/memp.c **** #endif /* MEMP_OVERFLOW_CHECK >= 2 */
 241:Middlewares/Third_Party/LwIP/src/core/memp.c **** }
 242:Middlewares/Third_Party/LwIP/src/core/memp.c **** 
 243:Middlewares/Third_Party/LwIP/src/core/memp.c **** static void *
 244:Middlewares/Third_Party/LwIP/src/core/memp.c **** #if !MEMP_OVERFLOW_CHECK
 245:Middlewares/Third_Party/LwIP/src/core/memp.c **** do_memp_malloc_pool(const struct memp_desc *desc)
 246:Middlewares/Third_Party/LwIP/src/core/memp.c **** #else
 247:Middlewares/Third_Party/LwIP/src/core/memp.c **** do_memp_malloc_pool_fn(const struct memp_desc *desc, const char *file, const int line)
 248:Middlewares/Third_Party/LwIP/src/core/memp.c **** #endif
 249:Middlewares/Third_Party/LwIP/src/core/memp.c **** {
  38              		.loc 1 249 1 view -0
  39              		.cfi_startproc
  40              		@ args = 0, pretend = 0, frame = 0
  41              		@ frame_needed = 0, uses_anonymous_args = 0
  42              		.loc 1 249 1 is_stmt 0 view .LVU1
  43 0000 10B5     		push	{r4, lr}
  44              	.LCFI0:
  45              		.cfi_def_cfa_offset 8
  46              		.cfi_offset 4, -8
  47              		.cfi_offset 14, -4
 250:Middlewares/Third_Party/LwIP/src/core/memp.c ****   struct memp *memp;
  48              		.loc 1 250 3 is_stmt 1 view .LVU2
 251:Middlewares/Third_Party/LwIP/src/core/memp.c ****   SYS_ARCH_DECL_PROTECT(old_level);
  49              		.loc 1 251 35 view .LVU3
 252:Middlewares/Third_Party/LwIP/src/core/memp.c **** 
 253:Middlewares/Third_Party/LwIP/src/core/memp.c **** #if MEMP_MEM_MALLOC
 254:Middlewares/Third_Party/LwIP/src/core/memp.c ****   memp = (struct memp *)mem_malloc(MEMP_SIZE + MEMP_ALIGN_SIZE(desc->size));
 255:Middlewares/Third_Party/LwIP/src/core/memp.c ****   SYS_ARCH_PROTECT(old_level);
 256:Middlewares/Third_Party/LwIP/src/core/memp.c **** #else /* MEMP_MEM_MALLOC */
 257:Middlewares/Third_Party/LwIP/src/core/memp.c ****   SYS_ARCH_PROTECT(old_level);
  50              		.loc 1 257 30 view .LVU4
 258:Middlewares/Third_Party/LwIP/src/core/memp.c **** 
 259:Middlewares/Third_Party/LwIP/src/core/memp.c ****   memp = *desc->tab;
  51              		.loc 1 259 3 view .LVU5
  52              		.loc 1 259 15 is_stmt 0 view .LVU6
  53 0002 8368     		ldr	r3, [r0, #8]
  54              		.loc 1 259 8 view .LVU7
  55 0004 1C68     		ldr	r4, [r3]
  56              	.LVL1:
 260:Middlewares/Third_Party/LwIP/src/core/memp.c **** #endif /* MEMP_MEM_MALLOC */
 261:Middlewares/Third_Party/LwIP/src/core/memp.c **** 
 262:Middlewares/Third_Party/LwIP/src/core/memp.c ****   if (memp != NULL) {
  57              		.loc 1 262 3 is_stmt 1 view .LVU8
  58              		.loc 1 262 6 is_stmt 0 view .LVU9
  59 0006 24B1     		cbz	r4, .L1
 263:Middlewares/Third_Party/LwIP/src/core/memp.c **** #if !MEMP_MEM_MALLOC
 264:Middlewares/Third_Party/LwIP/src/core/memp.c **** #if MEMP_OVERFLOW_CHECK == 1
 265:Middlewares/Third_Party/LwIP/src/core/memp.c ****     memp_overflow_check_element(memp, desc);
 266:Middlewares/Third_Party/LwIP/src/core/memp.c **** #endif /* MEMP_OVERFLOW_CHECK */
 267:Middlewares/Third_Party/LwIP/src/core/memp.c **** 
 268:Middlewares/Third_Party/LwIP/src/core/memp.c ****     *desc->tab = memp->next;
  60              		.loc 1 268 5 is_stmt 1 view .LVU10
  61              		.loc 1 268 22 is_stmt 0 view .LVU11
  62 0008 2268     		ldr	r2, [r4]
  63              		.loc 1 268 16 view .LVU12
ARM GAS  /tmp/ccsLJAQK.s 			page 7


  64 000a 1A60     		str	r2, [r3]
 269:Middlewares/Third_Party/LwIP/src/core/memp.c **** #if MEMP_OVERFLOW_CHECK
 270:Middlewares/Third_Party/LwIP/src/core/memp.c ****     memp->next = NULL;
 271:Middlewares/Third_Party/LwIP/src/core/memp.c **** #endif /* MEMP_OVERFLOW_CHECK */
 272:Middlewares/Third_Party/LwIP/src/core/memp.c **** #endif /* !MEMP_MEM_MALLOC */
 273:Middlewares/Third_Party/LwIP/src/core/memp.c **** #if MEMP_OVERFLOW_CHECK
 274:Middlewares/Third_Party/LwIP/src/core/memp.c ****     memp->file = file;
 275:Middlewares/Third_Party/LwIP/src/core/memp.c ****     memp->line = line;
 276:Middlewares/Third_Party/LwIP/src/core/memp.c **** #if MEMP_MEM_MALLOC
 277:Middlewares/Third_Party/LwIP/src/core/memp.c ****     memp_overflow_init_element(memp, desc);
 278:Middlewares/Third_Party/LwIP/src/core/memp.c **** #endif /* MEMP_MEM_MALLOC */
 279:Middlewares/Third_Party/LwIP/src/core/memp.c **** #endif /* MEMP_OVERFLOW_CHECK */
 280:Middlewares/Third_Party/LwIP/src/core/memp.c ****     LWIP_ASSERT("memp_malloc: memp properly aligned",
  65              		.loc 1 280 5 is_stmt 1 view .LVU13
  66              		.loc 1 280 5 view .LVU14
  67 000c 14F0030F 		tst	r4, #3
  68 0010 01D1     		bne	.L5
  69              	.LVL2:
  70              	.L1:
 281:Middlewares/Third_Party/LwIP/src/core/memp.c ****                 ((mem_ptr_t)memp % MEM_ALIGNMENT) == 0);
 282:Middlewares/Third_Party/LwIP/src/core/memp.c **** #if MEMP_STATS
 283:Middlewares/Third_Party/LwIP/src/core/memp.c ****     desc->stats->used++;
 284:Middlewares/Third_Party/LwIP/src/core/memp.c ****     if (desc->stats->used > desc->stats->max) {
 285:Middlewares/Third_Party/LwIP/src/core/memp.c ****       desc->stats->max = desc->stats->used;
 286:Middlewares/Third_Party/LwIP/src/core/memp.c ****     }
 287:Middlewares/Third_Party/LwIP/src/core/memp.c **** #endif
 288:Middlewares/Third_Party/LwIP/src/core/memp.c ****     SYS_ARCH_UNPROTECT(old_level);
 289:Middlewares/Third_Party/LwIP/src/core/memp.c ****     /* cast through u8_t* to get rid of alignment warnings */
 290:Middlewares/Third_Party/LwIP/src/core/memp.c ****     return ((u8_t *)memp + MEMP_SIZE);
 291:Middlewares/Third_Party/LwIP/src/core/memp.c ****   } else {
 292:Middlewares/Third_Party/LwIP/src/core/memp.c **** #if MEMP_STATS
 293:Middlewares/Third_Party/LwIP/src/core/memp.c ****     desc->stats->err++;
 294:Middlewares/Third_Party/LwIP/src/core/memp.c **** #endif
 295:Middlewares/Third_Party/LwIP/src/core/memp.c ****     SYS_ARCH_UNPROTECT(old_level);
 296:Middlewares/Third_Party/LwIP/src/core/memp.c ****     LWIP_DEBUGF(MEMP_DEBUG | LWIP_DBG_LEVEL_SERIOUS, ("memp_malloc: out of memory in pool %s\n", de
 297:Middlewares/Third_Party/LwIP/src/core/memp.c ****   }
 298:Middlewares/Third_Party/LwIP/src/core/memp.c **** 
 299:Middlewares/Third_Party/LwIP/src/core/memp.c ****   return NULL;
 300:Middlewares/Third_Party/LwIP/src/core/memp.c **** }
  71              		.loc 1 300 1 is_stmt 0 view .LVU15
  72 0012 2046     		mov	r0, r4
  73 0014 10BD     		pop	{r4, pc}
  74              	.LVL3:
  75              	.L5:
 280:Middlewares/Third_Party/LwIP/src/core/memp.c ****                 ((mem_ptr_t)memp % MEM_ALIGNMENT) == 0);
  76              		.loc 1 280 5 is_stmt 1 discriminator 1 view .LVU16
 280:Middlewares/Third_Party/LwIP/src/core/memp.c ****                 ((mem_ptr_t)memp % MEM_ALIGNMENT) == 0);
  77              		.loc 1 280 5 discriminator 1 view .LVU17
  78 0016 044B     		ldr	r3, .L6
  79 0018 4FF48C72 		mov	r2, #280
  80 001c 0349     		ldr	r1, .L6+4
  81 001e 0448     		ldr	r0, .L6+8
  82              	.LVL4:
 280:Middlewares/Third_Party/LwIP/src/core/memp.c ****                 ((mem_ptr_t)memp % MEM_ALIGNMENT) == 0);
  83              		.loc 1 280 5 is_stmt 0 discriminator 1 view .LVU18
  84 0020 FFF7FEFF 		bl	printf
  85              	.LVL5:
ARM GAS  /tmp/ccsLJAQK.s 			page 8


 280:Middlewares/Third_Party/LwIP/src/core/memp.c ****                 ((mem_ptr_t)memp % MEM_ALIGNMENT) == 0);
  86              		.loc 1 280 5 is_stmt 1 discriminator 1 view .LVU19
 280:Middlewares/Third_Party/LwIP/src/core/memp.c ****                 ((mem_ptr_t)memp % MEM_ALIGNMENT) == 0);
  87              		.loc 1 280 5 discriminator 1 view .LVU20
 288:Middlewares/Third_Party/LwIP/src/core/memp.c ****     /* cast through u8_t* to get rid of alignment warnings */
  88              		.loc 1 288 34 discriminator 1 view .LVU21
 290:Middlewares/Third_Party/LwIP/src/core/memp.c ****   } else {
  89              		.loc 1 290 5 discriminator 1 view .LVU22
 290:Middlewares/Third_Party/LwIP/src/core/memp.c ****   } else {
  90              		.loc 1 290 26 is_stmt 0 discriminator 1 view .LVU23
  91 0024 F5E7     		b	.L1
  92              	.L7:
  93 0026 00BF     		.align	2
  94              	.L6:
  95 0028 00000000 		.word	.LC0
  96 002c 30000000 		.word	.LC1
  97 0030 54000000 		.word	.LC2
  98              		.cfi_endproc
  99              	.LFE169:
 101              		.section	.rodata.do_memp_free_pool.str1.4,"aMS",%progbits,1
 102              		.align	2
 103              	.LC3:
 104 0000 6D656D70 		.ascii	"memp_free: mem properly aligned\000"
 104      5F667265 
 104      653A206D 
 104      656D2070 
 104      726F7065 
 105              		.section	.text.do_memp_free_pool,"ax",%progbits
 106              		.align	1
 107              		.syntax unified
 108              		.thumb
 109              		.thumb_func
 111              	do_memp_free_pool:
 112              	.LVL6:
 113              	.LFB172:
 301:Middlewares/Third_Party/LwIP/src/core/memp.c **** 
 302:Middlewares/Third_Party/LwIP/src/core/memp.c **** /**
 303:Middlewares/Third_Party/LwIP/src/core/memp.c ****  * Get an element from a custom pool.
 304:Middlewares/Third_Party/LwIP/src/core/memp.c ****  *
 305:Middlewares/Third_Party/LwIP/src/core/memp.c ****  * @param desc the pool to get an element from
 306:Middlewares/Third_Party/LwIP/src/core/memp.c ****  *
 307:Middlewares/Third_Party/LwIP/src/core/memp.c ****  * @return a pointer to the allocated memory or a NULL pointer on error
 308:Middlewares/Third_Party/LwIP/src/core/memp.c ****  */
 309:Middlewares/Third_Party/LwIP/src/core/memp.c **** void *
 310:Middlewares/Third_Party/LwIP/src/core/memp.c **** #if !MEMP_OVERFLOW_CHECK
 311:Middlewares/Third_Party/LwIP/src/core/memp.c **** memp_malloc_pool(const struct memp_desc *desc)
 312:Middlewares/Third_Party/LwIP/src/core/memp.c **** #else
 313:Middlewares/Third_Party/LwIP/src/core/memp.c **** memp_malloc_pool_fn(const struct memp_desc *desc, const char *file, const int line)
 314:Middlewares/Third_Party/LwIP/src/core/memp.c **** #endif
 315:Middlewares/Third_Party/LwIP/src/core/memp.c **** {
 316:Middlewares/Third_Party/LwIP/src/core/memp.c ****   LWIP_ASSERT("invalid pool desc", desc != NULL);
 317:Middlewares/Third_Party/LwIP/src/core/memp.c ****   if (desc == NULL) {
 318:Middlewares/Third_Party/LwIP/src/core/memp.c ****     return NULL;
 319:Middlewares/Third_Party/LwIP/src/core/memp.c ****   }
 320:Middlewares/Third_Party/LwIP/src/core/memp.c **** 
 321:Middlewares/Third_Party/LwIP/src/core/memp.c **** #if !MEMP_OVERFLOW_CHECK
 322:Middlewares/Third_Party/LwIP/src/core/memp.c ****   return do_memp_malloc_pool(desc);
ARM GAS  /tmp/ccsLJAQK.s 			page 9


 323:Middlewares/Third_Party/LwIP/src/core/memp.c **** #else
 324:Middlewares/Third_Party/LwIP/src/core/memp.c ****   return do_memp_malloc_pool_fn(desc, file, line);
 325:Middlewares/Third_Party/LwIP/src/core/memp.c **** #endif
 326:Middlewares/Third_Party/LwIP/src/core/memp.c **** }
 327:Middlewares/Third_Party/LwIP/src/core/memp.c **** 
 328:Middlewares/Third_Party/LwIP/src/core/memp.c **** /**
 329:Middlewares/Third_Party/LwIP/src/core/memp.c ****  * Get an element from a specific pool.
 330:Middlewares/Third_Party/LwIP/src/core/memp.c ****  *
 331:Middlewares/Third_Party/LwIP/src/core/memp.c ****  * @param type the pool to get an element from
 332:Middlewares/Third_Party/LwIP/src/core/memp.c ****  *
 333:Middlewares/Third_Party/LwIP/src/core/memp.c ****  * @return a pointer to the allocated memory or a NULL pointer on error
 334:Middlewares/Third_Party/LwIP/src/core/memp.c ****  */
 335:Middlewares/Third_Party/LwIP/src/core/memp.c **** void *
 336:Middlewares/Third_Party/LwIP/src/core/memp.c **** #if !MEMP_OVERFLOW_CHECK
 337:Middlewares/Third_Party/LwIP/src/core/memp.c **** memp_malloc(memp_t type)
 338:Middlewares/Third_Party/LwIP/src/core/memp.c **** #else
 339:Middlewares/Third_Party/LwIP/src/core/memp.c **** memp_malloc_fn(memp_t type, const char *file, const int line)
 340:Middlewares/Third_Party/LwIP/src/core/memp.c **** #endif
 341:Middlewares/Third_Party/LwIP/src/core/memp.c **** {
 342:Middlewares/Third_Party/LwIP/src/core/memp.c ****   void *memp;
 343:Middlewares/Third_Party/LwIP/src/core/memp.c ****   LWIP_ERROR("memp_malloc: type < MEMP_MAX", (type < MEMP_MAX), return NULL;);
 344:Middlewares/Third_Party/LwIP/src/core/memp.c **** 
 345:Middlewares/Third_Party/LwIP/src/core/memp.c **** #if MEMP_OVERFLOW_CHECK >= 2
 346:Middlewares/Third_Party/LwIP/src/core/memp.c ****   memp_overflow_check_all();
 347:Middlewares/Third_Party/LwIP/src/core/memp.c **** #endif /* MEMP_OVERFLOW_CHECK >= 2 */
 348:Middlewares/Third_Party/LwIP/src/core/memp.c **** 
 349:Middlewares/Third_Party/LwIP/src/core/memp.c **** #if !MEMP_OVERFLOW_CHECK
 350:Middlewares/Third_Party/LwIP/src/core/memp.c ****   memp = do_memp_malloc_pool(memp_pools[type]);
 351:Middlewares/Third_Party/LwIP/src/core/memp.c **** #else
 352:Middlewares/Third_Party/LwIP/src/core/memp.c ****   memp = do_memp_malloc_pool_fn(memp_pools[type], file, line);
 353:Middlewares/Third_Party/LwIP/src/core/memp.c **** #endif
 354:Middlewares/Third_Party/LwIP/src/core/memp.c **** 
 355:Middlewares/Third_Party/LwIP/src/core/memp.c ****   return memp;
 356:Middlewares/Third_Party/LwIP/src/core/memp.c **** }
 357:Middlewares/Third_Party/LwIP/src/core/memp.c **** 
 358:Middlewares/Third_Party/LwIP/src/core/memp.c **** static void
 359:Middlewares/Third_Party/LwIP/src/core/memp.c **** do_memp_free_pool(const struct memp_desc *desc, void *mem)
 360:Middlewares/Third_Party/LwIP/src/core/memp.c **** {
 114              		.loc 1 360 1 is_stmt 1 view -0
 115              		.cfi_startproc
 116              		@ args = 0, pretend = 0, frame = 0
 117              		@ frame_needed = 0, uses_anonymous_args = 0
 118              		.loc 1 360 1 is_stmt 0 view .LVU25
 119 0000 38B5     		push	{r3, r4, r5, lr}
 120              	.LCFI1:
 121              		.cfi_def_cfa_offset 16
 122              		.cfi_offset 3, -16
 123              		.cfi_offset 4, -12
 124              		.cfi_offset 5, -8
 125              		.cfi_offset 14, -4
 126 0002 0546     		mov	r5, r0
 127 0004 0C46     		mov	r4, r1
 361:Middlewares/Third_Party/LwIP/src/core/memp.c ****   struct memp *memp;
 128              		.loc 1 361 3 is_stmt 1 view .LVU26
 362:Middlewares/Third_Party/LwIP/src/core/memp.c ****   SYS_ARCH_DECL_PROTECT(old_level);
 129              		.loc 1 362 35 view .LVU27
 363:Middlewares/Third_Party/LwIP/src/core/memp.c **** 
ARM GAS  /tmp/ccsLJAQK.s 			page 10


 364:Middlewares/Third_Party/LwIP/src/core/memp.c ****   LWIP_ASSERT("memp_free: mem properly aligned",
 130              		.loc 1 364 3 view .LVU28
 131              		.loc 1 364 3 view .LVU29
 132 0006 11F0030F 		tst	r1, #3
 133 000a 05D1     		bne	.L11
 134              	.LVL7:
 135              	.L9:
 136              		.loc 1 364 3 discriminator 3 view .LVU30
 137              		.loc 1 364 3 discriminator 3 view .LVU31
 365:Middlewares/Third_Party/LwIP/src/core/memp.c ****               ((mem_ptr_t)mem % MEM_ALIGNMENT) == 0);
 366:Middlewares/Third_Party/LwIP/src/core/memp.c **** 
 367:Middlewares/Third_Party/LwIP/src/core/memp.c ****   /* cast through void* to get rid of alignment warnings */
 368:Middlewares/Third_Party/LwIP/src/core/memp.c ****   memp = (struct memp *)(void *)((u8_t *)mem - MEMP_SIZE);
 138              		.loc 1 368 3 discriminator 3 view .LVU32
 369:Middlewares/Third_Party/LwIP/src/core/memp.c **** 
 370:Middlewares/Third_Party/LwIP/src/core/memp.c ****   SYS_ARCH_PROTECT(old_level);
 139              		.loc 1 370 30 discriminator 3 view .LVU33
 371:Middlewares/Third_Party/LwIP/src/core/memp.c **** 
 372:Middlewares/Third_Party/LwIP/src/core/memp.c **** #if MEMP_OVERFLOW_CHECK == 1
 373:Middlewares/Third_Party/LwIP/src/core/memp.c ****   memp_overflow_check_element(memp, desc);
 374:Middlewares/Third_Party/LwIP/src/core/memp.c **** #endif /* MEMP_OVERFLOW_CHECK */
 375:Middlewares/Third_Party/LwIP/src/core/memp.c **** 
 376:Middlewares/Third_Party/LwIP/src/core/memp.c **** #if MEMP_STATS
 377:Middlewares/Third_Party/LwIP/src/core/memp.c ****   desc->stats->used--;
 378:Middlewares/Third_Party/LwIP/src/core/memp.c **** #endif
 379:Middlewares/Third_Party/LwIP/src/core/memp.c **** 
 380:Middlewares/Third_Party/LwIP/src/core/memp.c **** #if MEMP_MEM_MALLOC
 381:Middlewares/Third_Party/LwIP/src/core/memp.c ****   LWIP_UNUSED_ARG(desc);
 382:Middlewares/Third_Party/LwIP/src/core/memp.c ****   SYS_ARCH_UNPROTECT(old_level);
 383:Middlewares/Third_Party/LwIP/src/core/memp.c ****   mem_free(memp);
 384:Middlewares/Third_Party/LwIP/src/core/memp.c **** #else /* MEMP_MEM_MALLOC */
 385:Middlewares/Third_Party/LwIP/src/core/memp.c ****   memp->next = *desc->tab;
 140              		.loc 1 385 3 discriminator 3 view .LVU34
 141              		.loc 1 385 21 is_stmt 0 discriminator 3 view .LVU35
 142 000c AB68     		ldr	r3, [r5, #8]
 143              		.loc 1 385 16 discriminator 3 view .LVU36
 144 000e 1B68     		ldr	r3, [r3]
 145              		.loc 1 385 14 discriminator 3 view .LVU37
 146 0010 2360     		str	r3, [r4]
 386:Middlewares/Third_Party/LwIP/src/core/memp.c ****   *desc->tab = memp;
 147              		.loc 1 386 3 is_stmt 1 discriminator 3 view .LVU38
 148              		.loc 1 386 8 is_stmt 0 discriminator 3 view .LVU39
 149 0012 AB68     		ldr	r3, [r5, #8]
 150              		.loc 1 386 14 discriminator 3 view .LVU40
 151 0014 1C60     		str	r4, [r3]
 387:Middlewares/Third_Party/LwIP/src/core/memp.c **** 
 388:Middlewares/Third_Party/LwIP/src/core/memp.c **** #if MEMP_SANITY_CHECK
 389:Middlewares/Third_Party/LwIP/src/core/memp.c ****   LWIP_ASSERT("memp sanity", memp_sanity(desc));
 390:Middlewares/Third_Party/LwIP/src/core/memp.c **** #endif /* MEMP_SANITY_CHECK */
 391:Middlewares/Third_Party/LwIP/src/core/memp.c **** 
 392:Middlewares/Third_Party/LwIP/src/core/memp.c ****   SYS_ARCH_UNPROTECT(old_level);
 152              		.loc 1 392 32 is_stmt 1 discriminator 3 view .LVU41
 393:Middlewares/Third_Party/LwIP/src/core/memp.c **** #endif /* !MEMP_MEM_MALLOC */
 394:Middlewares/Third_Party/LwIP/src/core/memp.c **** }
 153              		.loc 1 394 1 is_stmt 0 discriminator 3 view .LVU42
 154 0016 38BD     		pop	{r3, r4, r5, pc}
 155              	.LVL8:
ARM GAS  /tmp/ccsLJAQK.s 			page 11


 156              	.L11:
 364:Middlewares/Third_Party/LwIP/src/core/memp.c ****               ((mem_ptr_t)mem % MEM_ALIGNMENT) == 0);
 157              		.loc 1 364 3 is_stmt 1 discriminator 1 view .LVU43
 364:Middlewares/Third_Party/LwIP/src/core/memp.c ****               ((mem_ptr_t)mem % MEM_ALIGNMENT) == 0);
 158              		.loc 1 364 3 discriminator 1 view .LVU44
 159 0018 034B     		ldr	r3, .L12
 160 001a 4FF4B672 		mov	r2, #364
 161 001e 0349     		ldr	r1, .L12+4
 162              	.LVL9:
 364:Middlewares/Third_Party/LwIP/src/core/memp.c ****               ((mem_ptr_t)mem % MEM_ALIGNMENT) == 0);
 163              		.loc 1 364 3 is_stmt 0 discriminator 1 view .LVU45
 164 0020 0348     		ldr	r0, .L12+8
 165              	.LVL10:
 364:Middlewares/Third_Party/LwIP/src/core/memp.c ****               ((mem_ptr_t)mem % MEM_ALIGNMENT) == 0);
 166              		.loc 1 364 3 discriminator 1 view .LVU46
 167 0022 FFF7FEFF 		bl	printf
 168              	.LVL11:
 169 0026 F1E7     		b	.L9
 170              	.L13:
 171              		.align	2
 172              	.L12:
 173 0028 00000000 		.word	.LC0
 174 002c 00000000 		.word	.LC3
 175 0030 54000000 		.word	.LC2
 176              		.cfi_endproc
 177              	.LFE172:
 179              		.section	.text.memp_init_pool,"ax",%progbits
 180              		.align	1
 181              		.global	memp_init_pool
 182              		.syntax unified
 183              		.thumb
 184              		.thumb_func
 186              	memp_init_pool:
 187              	.LVL12:
 188              	.LFB167:
 176:Middlewares/Third_Party/LwIP/src/core/memp.c **** #if MEMP_MEM_MALLOC
 189              		.loc 1 176 1 is_stmt 1 view -0
 190              		.cfi_startproc
 191              		@ args = 0, pretend = 0, frame = 0
 192              		@ frame_needed = 0, uses_anonymous_args = 0
 193              		@ link register save eliminated.
 180:Middlewares/Third_Party/LwIP/src/core/memp.c ****   struct memp *memp;
 194              		.loc 1 180 3 view .LVU48
 181:Middlewares/Third_Party/LwIP/src/core/memp.c **** 
 195              		.loc 1 181 3 view .LVU49
 183:Middlewares/Third_Party/LwIP/src/core/memp.c ****   memp = (struct memp *)LWIP_MEM_ALIGN(desc->base);
 196              		.loc 1 183 3 view .LVU50
 183:Middlewares/Third_Party/LwIP/src/core/memp.c ****   memp = (struct memp *)LWIP_MEM_ALIGN(desc->base);
 197              		.loc 1 183 8 is_stmt 0 view .LVU51
 198 0000 8368     		ldr	r3, [r0, #8]
 183:Middlewares/Third_Party/LwIP/src/core/memp.c ****   memp = (struct memp *)LWIP_MEM_ALIGN(desc->base);
 199              		.loc 1 183 14 view .LVU52
 200 0002 0022     		movs	r2, #0
 201 0004 1A60     		str	r2, [r3]
 184:Middlewares/Third_Party/LwIP/src/core/memp.c **** #if MEMP_MEM_INIT
 202              		.loc 1 184 3 is_stmt 1 view .LVU53
 184:Middlewares/Third_Party/LwIP/src/core/memp.c **** #if MEMP_MEM_INIT
ARM GAS  /tmp/ccsLJAQK.s 			page 12


 203              		.loc 1 184 25 is_stmt 0 view .LVU54
 204 0006 4368     		ldr	r3, [r0, #4]
 205 0008 0333     		adds	r3, r3, #3
 206 000a 23F00303 		bic	r3, r3, #3
 207              	.LVL13:
 194:Middlewares/Third_Party/LwIP/src/core/memp.c ****     memp->next = *desc->tab;
 208              		.loc 1 194 3 is_stmt 1 view .LVU55
 194:Middlewares/Third_Party/LwIP/src/core/memp.c ****     memp->next = *desc->tab;
 209              		.loc 1 194 3 is_stmt 0 view .LVU56
 210 000e 07E0     		b	.L15
 211              	.LVL14:
 212              	.L16:
 195:Middlewares/Third_Party/LwIP/src/core/memp.c ****     *desc->tab = memp;
 213              		.loc 1 195 5 is_stmt 1 discriminator 3 view .LVU57
 195:Middlewares/Third_Party/LwIP/src/core/memp.c ****     *desc->tab = memp;
 214              		.loc 1 195 23 is_stmt 0 discriminator 3 view .LVU58
 215 0010 8168     		ldr	r1, [r0, #8]
 195:Middlewares/Third_Party/LwIP/src/core/memp.c ****     *desc->tab = memp;
 216              		.loc 1 195 18 discriminator 3 view .LVU59
 217 0012 0968     		ldr	r1, [r1]
 195:Middlewares/Third_Party/LwIP/src/core/memp.c ****     *desc->tab = memp;
 218              		.loc 1 195 16 discriminator 3 view .LVU60
 219 0014 1960     		str	r1, [r3]
 196:Middlewares/Third_Party/LwIP/src/core/memp.c **** #if MEMP_OVERFLOW_CHECK
 220              		.loc 1 196 5 is_stmt 1 discriminator 3 view .LVU61
 196:Middlewares/Third_Party/LwIP/src/core/memp.c **** #if MEMP_OVERFLOW_CHECK
 221              		.loc 1 196 10 is_stmt 0 discriminator 3 view .LVU62
 222 0016 8168     		ldr	r1, [r0, #8]
 196:Middlewares/Third_Party/LwIP/src/core/memp.c **** #if MEMP_OVERFLOW_CHECK
 223              		.loc 1 196 16 discriminator 3 view .LVU63
 224 0018 0B60     		str	r3, [r1]
 201:Middlewares/Third_Party/LwIP/src/core/memp.c **** #if MEMP_OVERFLOW_CHECK
 225              		.loc 1 201 5 is_stmt 1 discriminator 3 view .LVU64
 201:Middlewares/Third_Party/LwIP/src/core/memp.c **** #if MEMP_OVERFLOW_CHECK
 226              		.loc 1 201 67 is_stmt 0 discriminator 3 view .LVU65
 227 001a 0188     		ldrh	r1, [r0]
 201:Middlewares/Third_Party/LwIP/src/core/memp.c **** #if MEMP_OVERFLOW_CHECK
 228              		.loc 1 201 10 discriminator 3 view .LVU66
 229 001c 0B44     		add	r3, r3, r1
 230              	.LVL15:
 194:Middlewares/Third_Party/LwIP/src/core/memp.c ****     memp->next = *desc->tab;
 231              		.loc 1 194 30 is_stmt 1 discriminator 3 view .LVU67
 232 001e 0132     		adds	r2, r2, #1
 233              	.LVL16:
 234              	.L15:
 194:Middlewares/Third_Party/LwIP/src/core/memp.c ****     memp->next = *desc->tab;
 235              		.loc 1 194 15 discriminator 1 view .LVU68
 194:Middlewares/Third_Party/LwIP/src/core/memp.c ****     memp->next = *desc->tab;
 236              		.loc 1 194 23 is_stmt 0 discriminator 1 view .LVU69
 237 0020 4188     		ldrh	r1, [r0, #2]
 194:Middlewares/Third_Party/LwIP/src/core/memp.c ****     memp->next = *desc->tab;
 238              		.loc 1 194 3 discriminator 1 view .LVU70
 239 0022 9142     		cmp	r1, r2
 240 0024 F4DC     		bgt	.L16
 215:Middlewares/Third_Party/LwIP/src/core/memp.c **** 
 241              		.loc 1 215 1 view .LVU71
 242 0026 7047     		bx	lr
ARM GAS  /tmp/ccsLJAQK.s 			page 13


 243              		.cfi_endproc
 244              	.LFE167:
 246              		.section	.text.memp_init,"ax",%progbits
 247              		.align	1
 248              		.global	memp_init
 249              		.syntax unified
 250              		.thumb
 251              		.thumb_func
 253              	memp_init:
 254              	.LFB168:
 225:Middlewares/Third_Party/LwIP/src/core/memp.c ****   u16_t i;
 255              		.loc 1 225 1 is_stmt 1 view -0
 256              		.cfi_startproc
 257              		@ args = 0, pretend = 0, frame = 0
 258              		@ frame_needed = 0, uses_anonymous_args = 0
 259 0000 10B5     		push	{r4, lr}
 260              	.LCFI2:
 261              		.cfi_def_cfa_offset 8
 262              		.cfi_offset 4, -8
 263              		.cfi_offset 14, -4
 226:Middlewares/Third_Party/LwIP/src/core/memp.c **** 
 264              		.loc 1 226 3 view .LVU73
 229:Middlewares/Third_Party/LwIP/src/core/memp.c ****     memp_init_pool(memp_pools[i]);
 265              		.loc 1 229 3 view .LVU74
 266              	.LVL17:
 229:Middlewares/Third_Party/LwIP/src/core/memp.c ****     memp_init_pool(memp_pools[i]);
 267              		.loc 1 229 10 is_stmt 0 view .LVU75
 268 0002 0024     		movs	r4, #0
 229:Middlewares/Third_Party/LwIP/src/core/memp.c ****     memp_init_pool(memp_pools[i]);
 269              		.loc 1 229 3 view .LVU76
 270 0004 06E0     		b	.L18
 271              	.LVL18:
 272              	.L19:
 230:Middlewares/Third_Party/LwIP/src/core/memp.c **** 
 273              		.loc 1 230 5 is_stmt 1 discriminator 3 view .LVU77
 274 0006 054B     		ldr	r3, .L21
 275 0008 53F82400 		ldr	r0, [r3, r4, lsl #2]
 276 000c FFF7FEFF 		bl	memp_init_pool
 277              	.LVL19:
 229:Middlewares/Third_Party/LwIP/src/core/memp.c ****     memp_init_pool(memp_pools[i]);
 278              		.loc 1 229 47 discriminator 3 view .LVU78
 229:Middlewares/Third_Party/LwIP/src/core/memp.c ****     memp_init_pool(memp_pools[i]);
 279              		.loc 1 229 48 is_stmt 0 discriminator 3 view .LVU79
 280 0010 0134     		adds	r4, r4, #1
 281              	.LVL20:
 229:Middlewares/Third_Party/LwIP/src/core/memp.c ****     memp_init_pool(memp_pools[i]);
 282              		.loc 1 229 48 discriminator 3 view .LVU80
 283 0012 A4B2     		uxth	r4, r4
 284              	.LVL21:
 285              	.L18:
 229:Middlewares/Third_Party/LwIP/src/core/memp.c ****     memp_init_pool(memp_pools[i]);
 286              		.loc 1 229 15 is_stmt 1 discriminator 1 view .LVU81
 229:Middlewares/Third_Party/LwIP/src/core/memp.c ****     memp_init_pool(memp_pools[i]);
 287              		.loc 1 229 3 is_stmt 0 discriminator 1 view .LVU82
 288 0014 082C     		cmp	r4, #8
 289 0016 F6D9     		bls	.L19
 241:Middlewares/Third_Party/LwIP/src/core/memp.c **** 
ARM GAS  /tmp/ccsLJAQK.s 			page 14


 290              		.loc 1 241 1 view .LVU83
 291 0018 10BD     		pop	{r4, pc}
 292              	.LVL22:
 293              	.L22:
 241:Middlewares/Third_Party/LwIP/src/core/memp.c **** 
 294              		.loc 1 241 1 view .LVU84
 295 001a 00BF     		.align	2
 296              	.L21:
 297 001c 00000000 		.word	.LANCHOR0
 298              		.cfi_endproc
 299              	.LFE168:
 301              		.section	.rodata.memp_malloc_pool.str1.4,"aMS",%progbits,1
 302              		.align	2
 303              	.LC4:
 304 0000 696E7661 		.ascii	"invalid pool desc\000"
 304      6C696420 
 304      706F6F6C 
 304      20646573 
 304      6300
 305              		.section	.text.memp_malloc_pool,"ax",%progbits
 306              		.align	1
 307              		.global	memp_malloc_pool
 308              		.syntax unified
 309              		.thumb
 310              		.thumb_func
 312              	memp_malloc_pool:
 313              	.LVL23:
 314              	.LFB170:
 315:Middlewares/Third_Party/LwIP/src/core/memp.c ****   LWIP_ASSERT("invalid pool desc", desc != NULL);
 315              		.loc 1 315 1 is_stmt 1 view -0
 316              		.cfi_startproc
 317              		@ args = 0, pretend = 0, frame = 0
 318              		@ frame_needed = 0, uses_anonymous_args = 0
 315:Middlewares/Third_Party/LwIP/src/core/memp.c ****   LWIP_ASSERT("invalid pool desc", desc != NULL);
 319              		.loc 1 315 1 is_stmt 0 view .LVU86
 320 0000 10B5     		push	{r4, lr}
 321              	.LCFI3:
 322              		.cfi_def_cfa_offset 8
 323              		.cfi_offset 4, -8
 324              		.cfi_offset 14, -4
 316:Middlewares/Third_Party/LwIP/src/core/memp.c ****   if (desc == NULL) {
 325              		.loc 1 316 3 is_stmt 1 view .LVU87
 316:Middlewares/Third_Party/LwIP/src/core/memp.c ****   if (desc == NULL) {
 326              		.loc 1 316 3 view .LVU88
 327 0002 0446     		mov	r4, r0
 328 0004 20B1     		cbz	r0, .L28
 329              	.LVL24:
 330              	.L24:
 316:Middlewares/Third_Party/LwIP/src/core/memp.c ****   if (desc == NULL) {
 331              		.loc 1 316 3 discriminator 3 view .LVU89
 316:Middlewares/Third_Party/LwIP/src/core/memp.c ****   if (desc == NULL) {
 332              		.loc 1 316 3 discriminator 3 view .LVU90
 317:Middlewares/Third_Party/LwIP/src/core/memp.c ****     return NULL;
 333              		.loc 1 317 3 discriminator 3 view .LVU91
 317:Middlewares/Third_Party/LwIP/src/core/memp.c ****     return NULL;
 334              		.loc 1 317 6 is_stmt 0 discriminator 3 view .LVU92
 335 0006 5CB1     		cbz	r4, .L26
ARM GAS  /tmp/ccsLJAQK.s 			page 15


 322:Middlewares/Third_Party/LwIP/src/core/memp.c **** #else
 336              		.loc 1 322 3 is_stmt 1 view .LVU93
 322:Middlewares/Third_Party/LwIP/src/core/memp.c **** #else
 337              		.loc 1 322 10 is_stmt 0 view .LVU94
 338 0008 2046     		mov	r0, r4
 339 000a FFF7FEFF 		bl	do_memp_malloc_pool
 340              	.LVL25:
 341              	.L23:
 326:Middlewares/Third_Party/LwIP/src/core/memp.c **** 
 342              		.loc 1 326 1 view .LVU95
 343 000e 10BD     		pop	{r4, pc}
 344              	.LVL26:
 345              	.L28:
 316:Middlewares/Third_Party/LwIP/src/core/memp.c ****   if (desc == NULL) {
 346              		.loc 1 316 3 is_stmt 1 discriminator 1 view .LVU96
 316:Middlewares/Third_Party/LwIP/src/core/memp.c ****   if (desc == NULL) {
 347              		.loc 1 316 3 discriminator 1 view .LVU97
 348 0010 044B     		ldr	r3, .L29
 349 0012 4FF49E72 		mov	r2, #316
 350 0016 0449     		ldr	r1, .L29+4
 351 0018 0448     		ldr	r0, .L29+8
 352              	.LVL27:
 316:Middlewares/Third_Party/LwIP/src/core/memp.c ****   if (desc == NULL) {
 353              		.loc 1 316 3 is_stmt 0 discriminator 1 view .LVU98
 354 001a FFF7FEFF 		bl	printf
 355              	.LVL28:
 356 001e F2E7     		b	.L24
 357              	.L26:
 318:Middlewares/Third_Party/LwIP/src/core/memp.c ****   }
 358              		.loc 1 318 12 view .LVU99
 359 0020 2046     		mov	r0, r4
 360 0022 F4E7     		b	.L23
 361              	.L30:
 362              		.align	2
 363              	.L29:
 364 0024 00000000 		.word	.LC0
 365 0028 00000000 		.word	.LC4
 366 002c 54000000 		.word	.LC2
 367              		.cfi_endproc
 368              	.LFE170:
 370              		.section	.rodata.memp_malloc.str1.4,"aMS",%progbits,1
 371              		.align	2
 372              	.LC5:
 373 0000 6D656D70 		.ascii	"memp_malloc: type < MEMP_MAX\000"
 373      5F6D616C 
 373      6C6F633A 
 373      20747970 
 373      65203C20 
 374              		.section	.text.memp_malloc,"ax",%progbits
 375              		.align	1
 376              		.global	memp_malloc
 377              		.syntax unified
 378              		.thumb
 379              		.thumb_func
 381              	memp_malloc:
 382              	.LVL29:
 383              	.LFB171:
ARM GAS  /tmp/ccsLJAQK.s 			page 16


 341:Middlewares/Third_Party/LwIP/src/core/memp.c ****   void *memp;
 384              		.loc 1 341 1 is_stmt 1 view -0
 385              		.cfi_startproc
 386              		@ args = 0, pretend = 0, frame = 0
 387              		@ frame_needed = 0, uses_anonymous_args = 0
 341:Middlewares/Third_Party/LwIP/src/core/memp.c ****   void *memp;
 388              		.loc 1 341 1 is_stmt 0 view .LVU101
 389 0000 08B5     		push	{r3, lr}
 390              	.LCFI4:
 391              		.cfi_def_cfa_offset 8
 392              		.cfi_offset 3, -8
 393              		.cfi_offset 14, -4
 342:Middlewares/Third_Party/LwIP/src/core/memp.c ****   LWIP_ERROR("memp_malloc: type < MEMP_MAX", (type < MEMP_MAX), return NULL;);
 394              		.loc 1 342 3 is_stmt 1 view .LVU102
 343:Middlewares/Third_Party/LwIP/src/core/memp.c **** 
 395              		.loc 1 343 3 view .LVU103
 343:Middlewares/Third_Party/LwIP/src/core/memp.c **** 
 396              		.loc 1 343 3 view .LVU104
 397 0002 0828     		cmp	r0, #8
 398 0004 05D8     		bhi	.L35
 343:Middlewares/Third_Party/LwIP/src/core/memp.c **** 
 399              		.loc 1 343 3 discriminator 2 view .LVU105
 343:Middlewares/Third_Party/LwIP/src/core/memp.c **** 
 400              		.loc 1 343 3 discriminator 2 view .LVU106
 350:Middlewares/Third_Party/LwIP/src/core/memp.c **** #else
 401              		.loc 1 350 3 discriminator 2 view .LVU107
 350:Middlewares/Third_Party/LwIP/src/core/memp.c **** #else
 402              		.loc 1 350 10 is_stmt 0 discriminator 2 view .LVU108
 403 0006 074B     		ldr	r3, .L36
 404 0008 53F82000 		ldr	r0, [r3, r0, lsl #2]
 405              	.LVL30:
 350:Middlewares/Third_Party/LwIP/src/core/memp.c **** #else
 406              		.loc 1 350 10 discriminator 2 view .LVU109
 407 000c FFF7FEFF 		bl	do_memp_malloc_pool
 408              	.LVL31:
 355:Middlewares/Third_Party/LwIP/src/core/memp.c **** }
 409              		.loc 1 355 3 is_stmt 1 discriminator 2 view .LVU110
 410              	.L31:
 356:Middlewares/Third_Party/LwIP/src/core/memp.c **** 
 411              		.loc 1 356 1 is_stmt 0 view .LVU111
 412 0010 08BD     		pop	{r3, pc}
 413              	.LVL32:
 414              	.L35:
 343:Middlewares/Third_Party/LwIP/src/core/memp.c **** 
 415              		.loc 1 343 3 is_stmt 1 discriminator 1 view .LVU112
 343:Middlewares/Third_Party/LwIP/src/core/memp.c **** 
 416              		.loc 1 343 3 discriminator 1 view .LVU113
 417 0012 054B     		ldr	r3, .L36+4
 418 0014 40F25712 		movw	r2, #343
 419 0018 0449     		ldr	r1, .L36+8
 420 001a 0548     		ldr	r0, .L36+12
 421              	.LVL33:
 343:Middlewares/Third_Party/LwIP/src/core/memp.c **** 
 422              		.loc 1 343 3 is_stmt 0 discriminator 1 view .LVU114
 423 001c FFF7FEFF 		bl	printf
 424              	.LVL34:
 343:Middlewares/Third_Party/LwIP/src/core/memp.c **** 
ARM GAS  /tmp/ccsLJAQK.s 			page 17


 425              		.loc 1 343 3 is_stmt 1 discriminator 1 view .LVU115
 343:Middlewares/Third_Party/LwIP/src/core/memp.c **** 
 426              		.loc 1 343 3 discriminator 1 view .LVU116
 427 0020 0020     		movs	r0, #0
 428 0022 F5E7     		b	.L31
 429              	.L37:
 430              		.align	2
 431              	.L36:
 432 0024 00000000 		.word	.LANCHOR0
 433 0028 00000000 		.word	.LC0
 434 002c 00000000 		.word	.LC5
 435 0030 54000000 		.word	.LC2
 436              		.cfi_endproc
 437              	.LFE171:
 439              		.section	.text.memp_free_pool,"ax",%progbits
 440              		.align	1
 441              		.global	memp_free_pool
 442              		.syntax unified
 443              		.thumb
 444              		.thumb_func
 446              	memp_free_pool:
 447              	.LVL35:
 448              	.LFB173:
 395:Middlewares/Third_Party/LwIP/src/core/memp.c **** 
 396:Middlewares/Third_Party/LwIP/src/core/memp.c **** /**
 397:Middlewares/Third_Party/LwIP/src/core/memp.c ****  * Put a custom pool element back into its pool.
 398:Middlewares/Third_Party/LwIP/src/core/memp.c ****  *
 399:Middlewares/Third_Party/LwIP/src/core/memp.c ****  * @param desc the pool where to put mem
 400:Middlewares/Third_Party/LwIP/src/core/memp.c ****  * @param mem the memp element to free
 401:Middlewares/Third_Party/LwIP/src/core/memp.c ****  */
 402:Middlewares/Third_Party/LwIP/src/core/memp.c **** void
 403:Middlewares/Third_Party/LwIP/src/core/memp.c **** memp_free_pool(const struct memp_desc *desc, void *mem)
 404:Middlewares/Third_Party/LwIP/src/core/memp.c **** {
 449              		.loc 1 404 1 view -0
 450              		.cfi_startproc
 451              		@ args = 0, pretend = 0, frame = 0
 452              		@ frame_needed = 0, uses_anonymous_args = 0
 453              		.loc 1 404 1 is_stmt 0 view .LVU118
 454 0000 38B5     		push	{r3, r4, r5, lr}
 455              	.LCFI5:
 456              		.cfi_def_cfa_offset 16
 457              		.cfi_offset 3, -16
 458              		.cfi_offset 4, -12
 459              		.cfi_offset 5, -8
 460              		.cfi_offset 14, -4
 461 0002 0C46     		mov	r4, r1
 405:Middlewares/Third_Party/LwIP/src/core/memp.c ****   LWIP_ASSERT("invalid pool desc", desc != NULL);
 462              		.loc 1 405 3 is_stmt 1 view .LVU119
 463              		.loc 1 405 3 view .LVU120
 464 0004 0546     		mov	r5, r0
 465 0006 20B1     		cbz	r0, .L42
 466              	.LVL36:
 467              	.L39:
 468              		.loc 1 405 3 discriminator 3 view .LVU121
 469              		.loc 1 405 3 discriminator 3 view .LVU122
 406:Middlewares/Third_Party/LwIP/src/core/memp.c ****   if ((desc == NULL) || (mem == NULL)) {
 470              		.loc 1 406 3 discriminator 3 view .LVU123
ARM GAS  /tmp/ccsLJAQK.s 			page 18


 471              		.loc 1 406 6 is_stmt 0 discriminator 3 view .LVU124
 472 0008 002C     		cmp	r4, #0
 473 000a 18BF     		it	ne
 474 000c 002D     		cmpne	r5, #0
 475 000e 08D1     		bne	.L43
 476              	.L38:
 407:Middlewares/Third_Party/LwIP/src/core/memp.c ****     return;
 408:Middlewares/Third_Party/LwIP/src/core/memp.c ****   }
 409:Middlewares/Third_Party/LwIP/src/core/memp.c **** 
 410:Middlewares/Third_Party/LwIP/src/core/memp.c ****   do_memp_free_pool(desc, mem);
 411:Middlewares/Third_Party/LwIP/src/core/memp.c **** }
 477              		.loc 1 411 1 view .LVU125
 478 0010 38BD     		pop	{r3, r4, r5, pc}
 479              	.LVL37:
 480              	.L42:
 405:Middlewares/Third_Party/LwIP/src/core/memp.c ****   if ((desc == NULL) || (mem == NULL)) {
 481              		.loc 1 405 3 is_stmt 1 discriminator 1 view .LVU126
 405:Middlewares/Third_Party/LwIP/src/core/memp.c ****   if ((desc == NULL) || (mem == NULL)) {
 482              		.loc 1 405 3 discriminator 1 view .LVU127
 483 0012 064B     		ldr	r3, .L44
 484 0014 40F29512 		movw	r2, #405
 485 0018 0549     		ldr	r1, .L44+4
 486              	.LVL38:
 405:Middlewares/Third_Party/LwIP/src/core/memp.c ****   if ((desc == NULL) || (mem == NULL)) {
 487              		.loc 1 405 3 is_stmt 0 discriminator 1 view .LVU128
 488 001a 0648     		ldr	r0, .L44+8
 489              	.LVL39:
 405:Middlewares/Third_Party/LwIP/src/core/memp.c ****   if ((desc == NULL) || (mem == NULL)) {
 490              		.loc 1 405 3 discriminator 1 view .LVU129
 491 001c FFF7FEFF 		bl	printf
 492              	.LVL40:
 493 0020 F2E7     		b	.L39
 494              	.L43:
 410:Middlewares/Third_Party/LwIP/src/core/memp.c **** }
 495              		.loc 1 410 3 is_stmt 1 view .LVU130
 496 0022 2146     		mov	r1, r4
 497 0024 2846     		mov	r0, r5
 498 0026 FFF7FEFF 		bl	do_memp_free_pool
 499              	.LVL41:
 500 002a F1E7     		b	.L38
 501              	.L45:
 502              		.align	2
 503              	.L44:
 504 002c 00000000 		.word	.LC0
 505 0030 00000000 		.word	.LC4
 506 0034 54000000 		.word	.LC2
 507              		.cfi_endproc
 508              	.LFE173:
 510              		.section	.rodata.memp_free.str1.4,"aMS",%progbits,1
 511              		.align	2
 512              	.LC6:
 513 0000 6D656D70 		.ascii	"memp_free: type < MEMP_MAX\000"
 513      5F667265 
 513      653A2074 
 513      79706520 
 513      3C204D45 
 514              		.section	.text.memp_free,"ax",%progbits
ARM GAS  /tmp/ccsLJAQK.s 			page 19


 515              		.align	1
 516              		.global	memp_free
 517              		.syntax unified
 518              		.thumb
 519              		.thumb_func
 521              	memp_free:
 522              	.LVL42:
 523              	.LFB174:
 412:Middlewares/Third_Party/LwIP/src/core/memp.c **** 
 413:Middlewares/Third_Party/LwIP/src/core/memp.c **** /**
 414:Middlewares/Third_Party/LwIP/src/core/memp.c ****  * Put an element back into its pool.
 415:Middlewares/Third_Party/LwIP/src/core/memp.c ****  *
 416:Middlewares/Third_Party/LwIP/src/core/memp.c ****  * @param type the pool where to put mem
 417:Middlewares/Third_Party/LwIP/src/core/memp.c ****  * @param mem the memp element to free
 418:Middlewares/Third_Party/LwIP/src/core/memp.c ****  */
 419:Middlewares/Third_Party/LwIP/src/core/memp.c **** void
 420:Middlewares/Third_Party/LwIP/src/core/memp.c **** memp_free(memp_t type, void *mem)
 421:Middlewares/Third_Party/LwIP/src/core/memp.c **** {
 524              		.loc 1 421 1 view -0
 525              		.cfi_startproc
 526              		@ args = 0, pretend = 0, frame = 0
 527              		@ frame_needed = 0, uses_anonymous_args = 0
 528              		.loc 1 421 1 is_stmt 0 view .LVU132
 529 0000 08B5     		push	{r3, lr}
 530              	.LCFI6:
 531              		.cfi_def_cfa_offset 8
 532              		.cfi_offset 3, -8
 533              		.cfi_offset 14, -4
 422:Middlewares/Third_Party/LwIP/src/core/memp.c **** #ifdef LWIP_HOOK_MEMP_AVAILABLE
 423:Middlewares/Third_Party/LwIP/src/core/memp.c ****   struct memp *old_first;
 424:Middlewares/Third_Party/LwIP/src/core/memp.c **** #endif
 425:Middlewares/Third_Party/LwIP/src/core/memp.c **** 
 426:Middlewares/Third_Party/LwIP/src/core/memp.c ****   LWIP_ERROR("memp_free: type < MEMP_MAX", (type < MEMP_MAX), return;);
 534              		.loc 1 426 3 is_stmt 1 view .LVU133
 535              		.loc 1 426 3 view .LVU134
 536 0002 0828     		cmp	r0, #8
 537 0004 06D8     		bhi	.L50
 538              		.loc 1 426 3 discriminator 2 view .LVU135
 539              		.loc 1 426 3 discriminator 2 view .LVU136
 427:Middlewares/Third_Party/LwIP/src/core/memp.c **** 
 428:Middlewares/Third_Party/LwIP/src/core/memp.c ****   if (mem == NULL) {
 540              		.loc 1 428 3 discriminator 2 view .LVU137
 541              		.loc 1 428 6 is_stmt 0 discriminator 2 view .LVU138
 542 0006 21B1     		cbz	r1, .L46
 429:Middlewares/Third_Party/LwIP/src/core/memp.c ****     return;
 430:Middlewares/Third_Party/LwIP/src/core/memp.c ****   }
 431:Middlewares/Third_Party/LwIP/src/core/memp.c **** 
 432:Middlewares/Third_Party/LwIP/src/core/memp.c **** #if MEMP_OVERFLOW_CHECK >= 2
 433:Middlewares/Third_Party/LwIP/src/core/memp.c ****   memp_overflow_check_all();
 434:Middlewares/Third_Party/LwIP/src/core/memp.c **** #endif /* MEMP_OVERFLOW_CHECK >= 2 */
 435:Middlewares/Third_Party/LwIP/src/core/memp.c **** 
 436:Middlewares/Third_Party/LwIP/src/core/memp.c **** #ifdef LWIP_HOOK_MEMP_AVAILABLE
 437:Middlewares/Third_Party/LwIP/src/core/memp.c ****   old_first = *memp_pools[type]->tab;
 438:Middlewares/Third_Party/LwIP/src/core/memp.c **** #endif
 439:Middlewares/Third_Party/LwIP/src/core/memp.c **** 
 440:Middlewares/Third_Party/LwIP/src/core/memp.c ****   do_memp_free_pool(memp_pools[type], mem);
 543              		.loc 1 440 3 is_stmt 1 view .LVU139
ARM GAS  /tmp/ccsLJAQK.s 			page 20


 544 0008 064B     		ldr	r3, .L51
 545 000a 53F82000 		ldr	r0, [r3, r0, lsl #2]
 546              	.LVL43:
 547              		.loc 1 440 3 is_stmt 0 view .LVU140
 548 000e FFF7FEFF 		bl	do_memp_free_pool
 549              	.LVL44:
 550              	.L46:
 441:Middlewares/Third_Party/LwIP/src/core/memp.c **** 
 442:Middlewares/Third_Party/LwIP/src/core/memp.c **** #ifdef LWIP_HOOK_MEMP_AVAILABLE
 443:Middlewares/Third_Party/LwIP/src/core/memp.c ****   if (old_first == NULL) {
 444:Middlewares/Third_Party/LwIP/src/core/memp.c ****     LWIP_HOOK_MEMP_AVAILABLE(type);
 445:Middlewares/Third_Party/LwIP/src/core/memp.c ****   }
 446:Middlewares/Third_Party/LwIP/src/core/memp.c **** #endif
 447:Middlewares/Third_Party/LwIP/src/core/memp.c **** }
 551              		.loc 1 447 1 view .LVU141
 552 0012 08BD     		pop	{r3, pc}
 553              	.LVL45:
 554              	.L50:
 426:Middlewares/Third_Party/LwIP/src/core/memp.c **** 
 555              		.loc 1 426 3 is_stmt 1 discriminator 1 view .LVU142
 426:Middlewares/Third_Party/LwIP/src/core/memp.c **** 
 556              		.loc 1 426 3 discriminator 1 view .LVU143
 557 0014 044B     		ldr	r3, .L51+4
 558 0016 4FF4D572 		mov	r2, #426
 559 001a 0449     		ldr	r1, .L51+8
 560              	.LVL46:
 426:Middlewares/Third_Party/LwIP/src/core/memp.c **** 
 561              		.loc 1 426 3 is_stmt 0 discriminator 1 view .LVU144
 562 001c 0448     		ldr	r0, .L51+12
 563              	.LVL47:
 426:Middlewares/Third_Party/LwIP/src/core/memp.c **** 
 564              		.loc 1 426 3 discriminator 1 view .LVU145
 565 001e FFF7FEFF 		bl	printf
 566              	.LVL48:
 426:Middlewares/Third_Party/LwIP/src/core/memp.c **** 
 567              		.loc 1 426 3 is_stmt 1 discriminator 1 view .LVU146
 426:Middlewares/Third_Party/LwIP/src/core/memp.c **** 
 568              		.loc 1 426 3 discriminator 1 view .LVU147
 569 0022 F6E7     		b	.L46
 570              	.L52:
 571              		.align	2
 572              	.L51:
 573 0024 00000000 		.word	.LANCHOR0
 574 0028 00000000 		.word	.LC0
 575 002c 00000000 		.word	.LC6
 576 0030 54000000 		.word	.LC2
 577              		.cfi_endproc
 578              	.LFE174:
 580              		.global	memp_pools
 581              		.global	memp_PBUF_POOL
 582              		.global	memp_memory_PBUF_POOL_base
 583              		.global	memp_PBUF
 584              		.global	memp_memory_PBUF_base
 585              		.global	memp_SYS_TIMEOUT
 586              		.global	memp_memory_SYS_TIMEOUT_base
 587              		.global	memp_FRAG_PBUF
 588              		.global	memp_memory_FRAG_PBUF_base
ARM GAS  /tmp/ccsLJAQK.s 			page 21


 589              		.global	memp_REASSDATA
 590              		.global	memp_memory_REASSDATA_base
 591              		.global	memp_TCP_SEG
 592              		.global	memp_memory_TCP_SEG_base
 593              		.global	memp_TCP_PCB_LISTEN
 594              		.global	memp_memory_TCP_PCB_LISTEN_base
 595              		.global	memp_TCP_PCB
 596              		.global	memp_memory_TCP_PCB_base
 597              		.global	memp_UDP_PCB
 598              		.global	memp_memory_UDP_PCB_base
 599              		.section	.bss.memp_memory_FRAG_PBUF_base,"aw",%nobits
 600              		.align	2
 603              	memp_memory_FRAG_PBUF_base:
 604 0000 00000000 		.space	363
 604      00000000 
 604      00000000 
 604      00000000 
 604      00000000 
 605              		.section	.bss.memp_memory_PBUF_POOL_base,"aw",%nobits
 606              		.align	2
 609              	memp_memory_PBUF_POOL_base:
 610 0000 00000000 		.space	9731
 610      00000000 
 610      00000000 
 610      00000000 
 610      00000000 
 611              		.section	.bss.memp_memory_PBUF_base,"aw",%nobits
 612              		.align	2
 615              	memp_memory_PBUF_base:
 616 0000 00000000 		.space	259
 616      00000000 
 616      00000000 
 616      00000000 
 616      00000000 
 617              		.section	.bss.memp_memory_REASSDATA_base,"aw",%nobits
 618              		.align	2
 621              	memp_memory_REASSDATA_base:
 622 0000 00000000 		.space	163
 622      00000000 
 622      00000000 
 622      00000000 
 622      00000000 
 623              		.section	.bss.memp_memory_SYS_TIMEOUT_base,"aw",%nobits
 624              		.align	2
 627              	memp_memory_SYS_TIMEOUT_base:
 628 0000 00000000 		.space	51
 628      00000000 
 628      00000000 
 628      00000000 
 628      00000000 
 629              		.section	.bss.memp_memory_TCP_PCB_LISTEN_base,"aw",%nobits
 630              		.align	2
 633              	memp_memory_TCP_PCB_LISTEN_base:
 634 0000 00000000 		.space	227
 634      00000000 
 634      00000000 
 634      00000000 
ARM GAS  /tmp/ccsLJAQK.s 			page 22


 634      00000000 
 635              		.section	.bss.memp_memory_TCP_PCB_base,"aw",%nobits
 636              		.align	2
 639              	memp_memory_TCP_PCB_base:
 640 0000 00000000 		.space	783
 640      00000000 
 640      00000000 
 640      00000000 
 640      00000000 
 641              		.section	.bss.memp_memory_TCP_SEG_base,"aw",%nobits
 642              		.align	2
 645              	memp_memory_TCP_SEG_base:
 646 0000 00000000 		.space	259
 646      00000000 
 646      00000000 
 646      00000000 
 646      00000000 
 647              		.section	.bss.memp_memory_UDP_PCB_base,"aw",%nobits
 648              		.align	2
 651              	memp_memory_UDP_PCB_base:
 652 0000 00000000 		.space	131
 652      00000000 
 652      00000000 
 652      00000000 
 652      00000000 
 653              		.section	.bss.memp_tab_FRAG_PBUF,"aw",%nobits
 654              		.align	2
 657              	memp_tab_FRAG_PBUF:
 658 0000 00000000 		.space	4
 659              		.section	.bss.memp_tab_PBUF,"aw",%nobits
 660              		.align	2
 663              	memp_tab_PBUF:
 664 0000 00000000 		.space	4
 665              		.section	.bss.memp_tab_PBUF_POOL,"aw",%nobits
 666              		.align	2
 669              	memp_tab_PBUF_POOL:
 670 0000 00000000 		.space	4
 671              		.section	.bss.memp_tab_REASSDATA,"aw",%nobits
 672              		.align	2
 675              	memp_tab_REASSDATA:
 676 0000 00000000 		.space	4
 677              		.section	.bss.memp_tab_SYS_TIMEOUT,"aw",%nobits
 678              		.align	2
 681              	memp_tab_SYS_TIMEOUT:
 682 0000 00000000 		.space	4
 683              		.section	.bss.memp_tab_TCP_PCB,"aw",%nobits
 684              		.align	2
 687              	memp_tab_TCP_PCB:
 688 0000 00000000 		.space	4
 689              		.section	.bss.memp_tab_TCP_PCB_LISTEN,"aw",%nobits
 690              		.align	2
 693              	memp_tab_TCP_PCB_LISTEN:
 694 0000 00000000 		.space	4
 695              		.section	.bss.memp_tab_TCP_SEG,"aw",%nobits
 696              		.align	2
 699              	memp_tab_TCP_SEG:
 700 0000 00000000 		.space	4
ARM GAS  /tmp/ccsLJAQK.s 			page 23


 701              		.section	.bss.memp_tab_UDP_PCB,"aw",%nobits
 702              		.align	2
 705              	memp_tab_UDP_PCB:
 706 0000 00000000 		.space	4
 707              		.section	.rodata.memp_FRAG_PBUF,"a"
 708              		.align	2
 711              	memp_FRAG_PBUF:
 712 0000 1800     		.short	24
 713 0002 0F00     		.short	15
 714 0004 00000000 		.word	memp_memory_FRAG_PBUF_base
 715 0008 00000000 		.word	memp_tab_FRAG_PBUF
 716              		.section	.rodata.memp_PBUF,"a"
 717              		.align	2
 720              	memp_PBUF:
 721 0000 1000     		.short	16
 722 0002 1000     		.short	16
 723 0004 00000000 		.word	memp_memory_PBUF_base
 724 0008 00000000 		.word	memp_tab_PBUF
 725              		.section	.rodata.memp_PBUF_POOL,"a"
 726              		.align	2
 729              	memp_PBUF_POOL:
 730 0000 6002     		.short	608
 731 0002 1000     		.short	16
 732 0004 00000000 		.word	memp_memory_PBUF_POOL_base
 733 0008 00000000 		.word	memp_tab_PBUF_POOL
 734              		.section	.rodata.memp_REASSDATA,"a"
 735              		.align	2
 738              	memp_REASSDATA:
 739 0000 2000     		.short	32
 740 0002 0500     		.short	5
 741 0004 00000000 		.word	memp_memory_REASSDATA_base
 742 0008 00000000 		.word	memp_tab_REASSDATA
 743              		.section	.rodata.memp_SYS_TIMEOUT,"a"
 744              		.align	2
 747              	memp_SYS_TIMEOUT:
 748 0000 1000     		.short	16
 749 0002 0300     		.short	3
 750 0004 00000000 		.word	memp_memory_SYS_TIMEOUT_base
 751 0008 00000000 		.word	memp_tab_SYS_TIMEOUT
 752              		.section	.rodata.memp_TCP_PCB,"a"
 753              		.align	2
 756              	memp_TCP_PCB:
 757 0000 9C00     		.short	156
 758 0002 0500     		.short	5
 759 0004 00000000 		.word	memp_memory_TCP_PCB_base
 760 0008 00000000 		.word	memp_tab_TCP_PCB
 761              		.section	.rodata.memp_TCP_PCB_LISTEN,"a"
 762              		.align	2
 765              	memp_TCP_PCB_LISTEN:
 766 0000 1C00     		.short	28
 767 0002 0800     		.short	8
 768 0004 00000000 		.word	memp_memory_TCP_PCB_LISTEN_base
 769 0008 00000000 		.word	memp_tab_TCP_PCB_LISTEN
 770              		.section	.rodata.memp_TCP_SEG,"a"
 771              		.align	2
 774              	memp_TCP_SEG:
 775 0000 1000     		.short	16
ARM GAS  /tmp/ccsLJAQK.s 			page 24


 776 0002 1000     		.short	16
 777 0004 00000000 		.word	memp_memory_TCP_SEG_base
 778 0008 00000000 		.word	memp_tab_TCP_SEG
 779              		.section	.rodata.memp_UDP_PCB,"a"
 780              		.align	2
 783              	memp_UDP_PCB:
 784 0000 2000     		.short	32
 785 0002 0400     		.short	4
 786 0004 00000000 		.word	memp_memory_UDP_PCB_base
 787 0008 00000000 		.word	memp_tab_UDP_PCB
 788              		.section	.rodata.memp_pools,"a"
 789              		.align	2
 790              		.set	.LANCHOR0,. + 0
 793              	memp_pools:
 794 0000 00000000 		.word	memp_UDP_PCB
 795 0004 00000000 		.word	memp_TCP_PCB
 796 0008 00000000 		.word	memp_TCP_PCB_LISTEN
 797 000c 00000000 		.word	memp_TCP_SEG
 798 0010 00000000 		.word	memp_REASSDATA
 799 0014 00000000 		.word	memp_FRAG_PBUF
 800 0018 00000000 		.word	memp_SYS_TIMEOUT
 801 001c 00000000 		.word	memp_PBUF
 802 0020 00000000 		.word	memp_PBUF_POOL
 803              		.text
 804              	.Letext0:
 805              		.file 2 "/home/lobanov/st/stm32cubeclt_1.12.1/GNU-tools-for-STM32/arm-none-eabi/include/machine/_d
 806              		.file 3 "/home/lobanov/st/stm32cubeclt_1.12.1/GNU-tools-for-STM32/arm-none-eabi/include/sys/_stdin
 807              		.file 4 "Middlewares/Third_Party/LwIP/src/include/lwip/arch.h"
 808              		.file 5 "Middlewares/Third_Party/LwIP/src/include/lwip/memp.h"
 809              		.file 6 "Middlewares/Third_Party/LwIP/src/include/lwip/priv/memp_priv.h"
 810              		.file 7 "Middlewares/Third_Party/LwIP/src/include/lwip/priv/memp_std.h"
 811              		.file 8 "/home/lobanov/st/stm32cubeclt_1.12.1/GNU-tools-for-STM32/arm-none-eabi/include/stdio.h"
ARM GAS  /tmp/ccsLJAQK.s 			page 25


DEFINED SYMBOLS
                            *ABS*:0000000000000000 memp.c
     /tmp/ccsLJAQK.s:19     .rodata.do_memp_malloc_pool.str1.4:0000000000000000 $d
     /tmp/ccsLJAQK.s:29     .text.do_memp_malloc_pool:0000000000000000 $t
     /tmp/ccsLJAQK.s:34     .text.do_memp_malloc_pool:0000000000000000 do_memp_malloc_pool
     /tmp/ccsLJAQK.s:95     .text.do_memp_malloc_pool:0000000000000028 $d
     /tmp/ccsLJAQK.s:102    .rodata.do_memp_free_pool.str1.4:0000000000000000 $d
     /tmp/ccsLJAQK.s:106    .text.do_memp_free_pool:0000000000000000 $t
     /tmp/ccsLJAQK.s:111    .text.do_memp_free_pool:0000000000000000 do_memp_free_pool
     /tmp/ccsLJAQK.s:173    .text.do_memp_free_pool:0000000000000028 $d
     /tmp/ccsLJAQK.s:180    .text.memp_init_pool:0000000000000000 $t
     /tmp/ccsLJAQK.s:186    .text.memp_init_pool:0000000000000000 memp_init_pool
     /tmp/ccsLJAQK.s:247    .text.memp_init:0000000000000000 $t
     /tmp/ccsLJAQK.s:253    .text.memp_init:0000000000000000 memp_init
     /tmp/ccsLJAQK.s:297    .text.memp_init:000000000000001c $d
     /tmp/ccsLJAQK.s:302    .rodata.memp_malloc_pool.str1.4:0000000000000000 $d
     /tmp/ccsLJAQK.s:306    .text.memp_malloc_pool:0000000000000000 $t
     /tmp/ccsLJAQK.s:312    .text.memp_malloc_pool:0000000000000000 memp_malloc_pool
     /tmp/ccsLJAQK.s:364    .text.memp_malloc_pool:0000000000000024 $d
     /tmp/ccsLJAQK.s:371    .rodata.memp_malloc.str1.4:0000000000000000 $d
     /tmp/ccsLJAQK.s:375    .text.memp_malloc:0000000000000000 $t
     /tmp/ccsLJAQK.s:381    .text.memp_malloc:0000000000000000 memp_malloc
     /tmp/ccsLJAQK.s:432    .text.memp_malloc:0000000000000024 $d
     /tmp/ccsLJAQK.s:440    .text.memp_free_pool:0000000000000000 $t
     /tmp/ccsLJAQK.s:446    .text.memp_free_pool:0000000000000000 memp_free_pool
     /tmp/ccsLJAQK.s:504    .text.memp_free_pool:000000000000002c $d
     /tmp/ccsLJAQK.s:511    .rodata.memp_free.str1.4:0000000000000000 $d
     /tmp/ccsLJAQK.s:515    .text.memp_free:0000000000000000 $t
     /tmp/ccsLJAQK.s:521    .text.memp_free:0000000000000000 memp_free
     /tmp/ccsLJAQK.s:573    .text.memp_free:0000000000000024 $d
     /tmp/ccsLJAQK.s:793    .rodata.memp_pools:0000000000000000 memp_pools
     /tmp/ccsLJAQK.s:729    .rodata.memp_PBUF_POOL:0000000000000000 memp_PBUF_POOL
     /tmp/ccsLJAQK.s:609    .bss.memp_memory_PBUF_POOL_base:0000000000000000 memp_memory_PBUF_POOL_base
     /tmp/ccsLJAQK.s:720    .rodata.memp_PBUF:0000000000000000 memp_PBUF
     /tmp/ccsLJAQK.s:615    .bss.memp_memory_PBUF_base:0000000000000000 memp_memory_PBUF_base
     /tmp/ccsLJAQK.s:747    .rodata.memp_SYS_TIMEOUT:0000000000000000 memp_SYS_TIMEOUT
     /tmp/ccsLJAQK.s:627    .bss.memp_memory_SYS_TIMEOUT_base:0000000000000000 memp_memory_SYS_TIMEOUT_base
     /tmp/ccsLJAQK.s:711    .rodata.memp_FRAG_PBUF:0000000000000000 memp_FRAG_PBUF
     /tmp/ccsLJAQK.s:603    .bss.memp_memory_FRAG_PBUF_base:0000000000000000 memp_memory_FRAG_PBUF_base
     /tmp/ccsLJAQK.s:738    .rodata.memp_REASSDATA:0000000000000000 memp_REASSDATA
     /tmp/ccsLJAQK.s:621    .bss.memp_memory_REASSDATA_base:0000000000000000 memp_memory_REASSDATA_base
     /tmp/ccsLJAQK.s:774    .rodata.memp_TCP_SEG:0000000000000000 memp_TCP_SEG
     /tmp/ccsLJAQK.s:645    .bss.memp_memory_TCP_SEG_base:0000000000000000 memp_memory_TCP_SEG_base
     /tmp/ccsLJAQK.s:765    .rodata.memp_TCP_PCB_LISTEN:0000000000000000 memp_TCP_PCB_LISTEN
     /tmp/ccsLJAQK.s:633    .bss.memp_memory_TCP_PCB_LISTEN_base:0000000000000000 memp_memory_TCP_PCB_LISTEN_base
     /tmp/ccsLJAQK.s:756    .rodata.memp_TCP_PCB:0000000000000000 memp_TCP_PCB
     /tmp/ccsLJAQK.s:639    .bss.memp_memory_TCP_PCB_base:0000000000000000 memp_memory_TCP_PCB_base
     /tmp/ccsLJAQK.s:783    .rodata.memp_UDP_PCB:0000000000000000 memp_UDP_PCB
     /tmp/ccsLJAQK.s:651    .bss.memp_memory_UDP_PCB_base:0000000000000000 memp_memory_UDP_PCB_base
     /tmp/ccsLJAQK.s:600    .bss.memp_memory_FRAG_PBUF_base:0000000000000000 $d
     /tmp/ccsLJAQK.s:606    .bss.memp_memory_PBUF_POOL_base:0000000000000000 $d
     /tmp/ccsLJAQK.s:612    .bss.memp_memory_PBUF_base:0000000000000000 $d
     /tmp/ccsLJAQK.s:618    .bss.memp_memory_REASSDATA_base:0000000000000000 $d
     /tmp/ccsLJAQK.s:624    .bss.memp_memory_SYS_TIMEOUT_base:0000000000000000 $d
     /tmp/ccsLJAQK.s:630    .bss.memp_memory_TCP_PCB_LISTEN_base:0000000000000000 $d
     /tmp/ccsLJAQK.s:636    .bss.memp_memory_TCP_PCB_base:0000000000000000 $d
     /tmp/ccsLJAQK.s:642    .bss.memp_memory_TCP_SEG_base:0000000000000000 $d
ARM GAS  /tmp/ccsLJAQK.s 			page 26


     /tmp/ccsLJAQK.s:648    .bss.memp_memory_UDP_PCB_base:0000000000000000 $d
     /tmp/ccsLJAQK.s:654    .bss.memp_tab_FRAG_PBUF:0000000000000000 $d
     /tmp/ccsLJAQK.s:657    .bss.memp_tab_FRAG_PBUF:0000000000000000 memp_tab_FRAG_PBUF
     /tmp/ccsLJAQK.s:660    .bss.memp_tab_PBUF:0000000000000000 $d
     /tmp/ccsLJAQK.s:663    .bss.memp_tab_PBUF:0000000000000000 memp_tab_PBUF
     /tmp/ccsLJAQK.s:666    .bss.memp_tab_PBUF_POOL:0000000000000000 $d
     /tmp/ccsLJAQK.s:669    .bss.memp_tab_PBUF_POOL:0000000000000000 memp_tab_PBUF_POOL
     /tmp/ccsLJAQK.s:672    .bss.memp_tab_REASSDATA:0000000000000000 $d
     /tmp/ccsLJAQK.s:675    .bss.memp_tab_REASSDATA:0000000000000000 memp_tab_REASSDATA
     /tmp/ccsLJAQK.s:678    .bss.memp_tab_SYS_TIMEOUT:0000000000000000 $d
     /tmp/ccsLJAQK.s:681    .bss.memp_tab_SYS_TIMEOUT:0000000000000000 memp_tab_SYS_TIMEOUT
     /tmp/ccsLJAQK.s:684    .bss.memp_tab_TCP_PCB:0000000000000000 $d
     /tmp/ccsLJAQK.s:687    .bss.memp_tab_TCP_PCB:0000000000000000 memp_tab_TCP_PCB
     /tmp/ccsLJAQK.s:690    .bss.memp_tab_TCP_PCB_LISTEN:0000000000000000 $d
     /tmp/ccsLJAQK.s:693    .bss.memp_tab_TCP_PCB_LISTEN:0000000000000000 memp_tab_TCP_PCB_LISTEN
     /tmp/ccsLJAQK.s:696    .bss.memp_tab_TCP_SEG:0000000000000000 $d
     /tmp/ccsLJAQK.s:699    .bss.memp_tab_TCP_SEG:0000000000000000 memp_tab_TCP_SEG
     /tmp/ccsLJAQK.s:702    .bss.memp_tab_UDP_PCB:0000000000000000 $d
     /tmp/ccsLJAQK.s:705    .bss.memp_tab_UDP_PCB:0000000000000000 memp_tab_UDP_PCB
     /tmp/ccsLJAQK.s:708    .rodata.memp_FRAG_PBUF:0000000000000000 $d
     /tmp/ccsLJAQK.s:717    .rodata.memp_PBUF:0000000000000000 $d
     /tmp/ccsLJAQK.s:726    .rodata.memp_PBUF_POOL:0000000000000000 $d
     /tmp/ccsLJAQK.s:735    .rodata.memp_REASSDATA:0000000000000000 $d
     /tmp/ccsLJAQK.s:744    .rodata.memp_SYS_TIMEOUT:0000000000000000 $d
     /tmp/ccsLJAQK.s:753    .rodata.memp_TCP_PCB:0000000000000000 $d
     /tmp/ccsLJAQK.s:762    .rodata.memp_TCP_PCB_LISTEN:0000000000000000 $d
     /tmp/ccsLJAQK.s:771    .rodata.memp_TCP_SEG:0000000000000000 $d
     /tmp/ccsLJAQK.s:780    .rodata.memp_UDP_PCB:0000000000000000 $d
     /tmp/ccsLJAQK.s:789    .rodata.memp_pools:0000000000000000 $d

UNDEFINED SYMBOLS
printf
